#! /usr/local/bin/vvp
:ivl_version "12.0 (stable)";
:ivl_delay_selection "TYPICAL";
:vpi_time_precision - 12;
:vpi_module "/usr/local/lib/ivl/system.vpi";
:vpi_module "/usr/local/lib/ivl/vhdl_sys.vpi";
:vpi_module "/usr/local/lib/ivl/vhdl_textio.vpi";
:vpi_module "/usr/local/lib/ivl/v2005_math.vpi";
:vpi_module "/usr/local/lib/ivl/va_math.vpi";
S_0x55a3fcb6b820 .scope module, "poliriscv_sc_tb" "poliriscv_sc_tb" 2 2;
 .timescale -9 -12;
P_0x55a3fcba8740 .param/l "CLKP" 1 2 4, +C4<00000000000000000000000000001010>;
v0x55a3fcbde2b0_0 .var "clk", 0 0;
v0x55a3fcbde3e0_0 .var/i "i", 31 0;
v0x55a3fcbde4c0_0 .var/i "j", 31 0;
v0x55a3fcbde580_0 .var "rst", 0 0;
S_0x55a3fcb755e0 .scope module, "riscv" "poliriscv_sc" 2 71, 3 1 0, S_0x55a3fcb6b820;
 .timescale -9 -12;
    .port_info 0 /INPUT 1 "clk";
    .port_info 1 /INPUT 1 "rst";
P_0x55a3fcba8500 .param/str "IFILE" 0 3 4, "rom_hex.mem";
P_0x55a3fcba8540 .param/l "datawords" 0 3 3, +C4<00000000000000000000010000000000>;
P_0x55a3fcba8580 .param/l "instructions" 0 3 2, +C4<00000000000000000000000100000000>;
v0x55a3fcbdd8a0_0 .net "aluctl", 3 0, L_0x55a3fcbf1fa0;  1 drivers
v0x55a3fcbdd980_0 .net "alusrc", 0 0, L_0x55a3fcbb85c0;  1 drivers
v0x55a3fcbdda90_0 .net "branch_comb", 0 0, L_0x55a3fcbf12b0;  1 drivers
v0x55a3fcbddb80_0 .net "clk", 0 0, v0x55a3fcbde2b0_0;  1 drivers
v0x55a3fcbddc20_0 .net "instruction", 31 0, v0x55a3fcbd87a0_0;  1 drivers
L_0x7fb318c99648 .functor BUFT 1, C4<0>, C4<0>, C4<0>, C4<0>;
v0x55a3fcbddd10_0 .net "mem2reg", 0 0, L_0x7fb318c99648;  1 drivers
L_0x7fb318c99690 .functor BUFT 1, C4<0>, C4<0>, C4<0>, C4<0>;
v0x55a3fcbdddb0_0 .net "memwrite", 0 0, L_0x7fb318c99690;  1 drivers
v0x55a3fcbdde50_0 .net "pc", 31 0, v0x55a3fcbdd040_0;  1 drivers
o0x7fb318ce38d8 .functor BUFZ 1, C4<z>; HiZ drive
v0x55a3fcbddf40_0 .net "pcsrc", 0 0, o0x7fb318ce38d8;  0 drivers
v0x55a3fcbde000_0 .net "regwrite", 0 0, L_0x55a3fcbf1f30;  1 drivers
v0x55a3fcbde130_0 .net "rst", 0 0, v0x55a3fcbde580_0;  1 drivers
v0x55a3fcbde1d0_0 .net "zero_comb", 0 0, L_0x55a3fcbf1960;  1 drivers
L_0x55a3fcbf2090 .part v0x55a3fcbd87a0_0, 0, 7;
L_0x55a3fcbf22d0 .part v0x55a3fcbd87a0_0, 12, 3;
L_0x55a3fcbf2370 .part v0x55a3fcbd87a0_0, 25, 7;
S_0x55a3fcbafc70 .scope module, "control_unit0" "control_unit" 3 42, 4 1 0, S_0x55a3fcb755e0;
 .timescale -9 -12;
    .port_info 0 /INPUT 7 "opcode";
    .port_info 1 /INPUT 3 "funct3";
    .port_info 2 /INPUT 7 "funct7";
    .port_info 3 /INPUT 1 "zero";
    .port_info 4 /OUTPUT 1 "mem2reg";
    .port_info 5 /OUTPUT 1 "memwrite";
    .port_info 6 /OUTPUT 1 "alusrc";
    .port_info 7 /OUTPUT 1 "regwrite";
    .port_info 8 /OUTPUT 4 "aluctl";
    .port_info 9 /OUTPUT 1 "branch";
P_0x55a3fcbb56b0 .param/l "BRANCH" 1 4 16, C4<1100011>;
P_0x55a3fcbb56f0 .param/l "I_TYPE" 1 4 15, C4<0010011>;
P_0x55a3fcbb5730 .param/l "R_TYPE" 1 4 14, C4<0110011>;
L_0x55a3fcbf12b0 .functor BUFZ 1, L_0x55a3fcbf1db0, C4<0>, C4<0>, C4<0>;
L_0x55a3fcbb85c0 .functor BUFZ 1, L_0x55a3fcbf1c70, C4<0>, C4<0>, C4<0>;
L_0x55a3fcbf1f30 .functor OR 1, L_0x55a3fcbf1b80, L_0x55a3fcbf1c70, C4<0>, C4<0>;
L_0x7fb318c99570 .functor BUFT 1, C4<0110011>, C4<0>, C4<0>, C4<0>;
v0x55a3fcba76b0_0 .net/2u *"_ivl_0", 6 0, L_0x7fb318c99570;  1 drivers
L_0x7fb318c996d8 .functor BUFT 1, C4<0110>, C4<0>, C4<0>, C4<0>;
v0x55a3fcba8640_0 .net/2u *"_ivl_22", 3 0, L_0x7fb318c996d8;  1 drivers
L_0x7fb318c99720 .functor BUFT 1, C4<0010>, C4<0>, C4<0>, C4<0>;
v0x55a3fcbd5c70_0 .net/2u *"_ivl_24", 3 0, L_0x7fb318c99720;  1 drivers
L_0x7fb318c995b8 .functor BUFT 1, C4<0010011>, C4<0>, C4<0>, C4<0>;
v0x55a3fcbd5d30_0 .net/2u *"_ivl_4", 6 0, L_0x7fb318c995b8;  1 drivers
L_0x7fb318c99600 .functor BUFT 1, C4<1100011>, C4<0>, C4<0>, C4<0>;
v0x55a3fcbd5e10_0 .net/2u *"_ivl_8", 6 0, L_0x7fb318c99600;  1 drivers
v0x55a3fcbd5f40_0 .net "aluctl", 3 0, L_0x55a3fcbf1fa0;  alias, 1 drivers
v0x55a3fcbd6020_0 .net "alusrc", 0 0, L_0x55a3fcbb85c0;  alias, 1 drivers
v0x55a3fcbd60e0_0 .net "branch", 0 0, L_0x55a3fcbf12b0;  alias, 1 drivers
v0x55a3fcbd61a0_0 .net "funct3", 2 0, L_0x55a3fcbf22d0;  1 drivers
v0x55a3fcbd6280_0 .net "funct7", 6 0, L_0x55a3fcbf2370;  1 drivers
v0x55a3fcbd6360_0 .net "is_branch", 0 0, L_0x55a3fcbf1db0;  1 drivers
v0x55a3fcbd6420_0 .net "is_itype", 0 0, L_0x55a3fcbf1c70;  1 drivers
v0x55a3fcbd64e0_0 .net "is_rtype", 0 0, L_0x55a3fcbf1b80;  1 drivers
v0x55a3fcbd65a0_0 .net "mem2reg", 0 0, L_0x7fb318c99648;  alias, 1 drivers
v0x55a3fcbd6660_0 .net "memwrite", 0 0, L_0x7fb318c99690;  alias, 1 drivers
v0x55a3fcbd6720_0 .net "opcode", 6 0, L_0x55a3fcbf2090;  1 drivers
v0x55a3fcbd6800_0 .net "regwrite", 0 0, L_0x55a3fcbf1f30;  alias, 1 drivers
v0x55a3fcbd68c0_0 .net "zero", 0 0, L_0x55a3fcbf1960;  alias, 1 drivers
L_0x55a3fcbf1b80 .cmp/eq 7, L_0x55a3fcbf2090, L_0x7fb318c99570;
L_0x55a3fcbf1c70 .cmp/eq 7, L_0x55a3fcbf2090, L_0x7fb318c995b8;
L_0x55a3fcbf1db0 .cmp/eq 7, L_0x55a3fcbf2090, L_0x7fb318c99600;
L_0x55a3fcbf1fa0 .functor MUXZ 4, L_0x7fb318c99720, L_0x7fb318c996d8, L_0x55a3fcbf1db0, C4<>;
S_0x55a3fcbd6ac0 .scope module, "datapath0" "datapath" 3 28, 5 139 0, S_0x55a3fcb755e0;
 .timescale -9 -12;
    .port_info 0 /INPUT 1 "clk";
    .port_info 1 /INPUT 1 "rst";
    .port_info 2 /INPUT 1 "branch";
    .port_info 3 /INPUT 1 "mem2reg";
    .port_info 4 /INPUT 1 "memwrite";
    .port_info 5 /INPUT 1 "alusrc";
    .port_info 6 /INPUT 1 "regwrite";
    .port_info 7 /INPUT 4 "aluctl";
    .port_info 8 /OUTPUT 1 "zero";
    .port_info 9 /OUTPUT 32 "instruction";
    .port_info 10 /OUTPUT 32 "pc";
P_0x55a3fcba6640 .param/str "IFILE" 0 5 141, "rom_hex.mem";
P_0x55a3fcba6680 .param/l "W" 0 5 140, +C4<00000000000000000000000000100000>;
L_0x55a3fcba7e00 .functor AND 1, L_0x55a3fcbf12b0, L_0x55a3fcbf1960, C4<1>, C4<1>;
L_0x55a3fcbf2410 .functor BUFT 32, L_0x55a3fcbf15a0, C4<00000000000000000000000000000000>, C4<00000000000000000000000000000000>, C4<00000000000000000000000000000000>;
v0x55a3fcbdc740_0 .net "alu_out", 31 0, L_0x55a3fcbf15a0;  1 drivers
v0x55a3fcbdc820_0 .net "alu_src2", 31 0, L_0x55a3fcbef910;  1 drivers
v0x55a3fcbdc8e0_0 .net "aluctl", 3 0, L_0x55a3fcbf1fa0;  alias, 1 drivers
v0x55a3fcbdca00_0 .net "alusrc", 0 0, L_0x55a3fcbb85c0;  alias, 1 drivers
v0x55a3fcbdcaa0_0 .net "branch", 0 0, L_0x55a3fcbf12b0;  alias, 1 drivers
v0x55a3fcbdcb90_0 .net "clk", 0 0, v0x55a3fcbde2b0_0;  alias, 1 drivers
v0x55a3fcbdcc80_0 .net "imm", 31 0, v0x55a3fcbd7a30_0;  1 drivers
v0x55a3fcbdcd20_0 .net "instruction", 31 0, v0x55a3fcbd87a0_0;  alias, 1 drivers
v0x55a3fcbdce10_0 .net "mem2reg", 0 0, L_0x7fb318c99648;  alias, 1 drivers
v0x55a3fcbdceb0_0 .net "memout", 31 0, v0x55a3fcbd7410_0;  1 drivers
v0x55a3fcbdcf50_0 .net "memwrite", 0 0, L_0x7fb318c99690;  alias, 1 drivers
v0x55a3fcbdd040_0 .var "pc", 31 0;
v0x55a3fcbdd0e0_0 .net "pcsrc", 0 0, L_0x55a3fcba7e00;  1 drivers
v0x55a3fcbdd180_0 .net "rd1", 31 0, L_0x55a3fcbeeed0;  1 drivers
v0x55a3fcbdd270_0 .net "rd2", 31 0, L_0x55a3fcbef590;  1 drivers
v0x55a3fcbdd380_0 .net "regwrite", 0 0, L_0x55a3fcbf1f30;  alias, 1 drivers
v0x55a3fcbdd420_0 .net "rst", 0 0, v0x55a3fcbde580_0;  alias, 1 drivers
v0x55a3fcbdd5f0_0 .net "zero", 0 0, L_0x55a3fcbf1960;  alias, 1 drivers
E_0x55a3fcbbc0f0 .event posedge, v0x55a3fcbdd420_0, v0x55a3fcbd7260_0;
L_0x55a3fcbef730 .part v0x55a3fcbd87a0_0, 15, 5;
L_0x55a3fcbef7d0 .part v0x55a3fcbd87a0_0, 20, 5;
L_0x55a3fcbef870 .part v0x55a3fcbd87a0_0, 7, 5;
L_0x55a3fcbef910 .functor MUXZ 32, L_0x55a3fcbef590, v0x55a3fcbd7a30_0, L_0x55a3fcbb85c0, C4<>;
S_0x55a3fcbd6de0 .scope module, "dm0" "DataMemory" 5 209, 5 119 0, S_0x55a3fcbd6ac0;
 .timescale -9 -12;
    .port_info 0 /INPUT 32 "addr";
    .port_info 1 /INPUT 32 "data_in";
    .port_info 2 /INPUT 1 "memwrite";
    .port_info 3 /INPUT 1 "memread";
    .port_info 4 /INPUT 1 "clk";
    .port_info 5 /OUTPUT 32 "data_out";
P_0x55a3fcbd6fe0 .param/l "W" 0 5 120, +C4<00000000000000000000000000100000>;
v0x55a3fcbd7160_0 .net "addr", 31 0, L_0x55a3fcbf15a0;  alias, 1 drivers
v0x55a3fcbd7260_0 .net "clk", 0 0, v0x55a3fcbde2b0_0;  alias, 1 drivers
v0x55a3fcbd7320_0 .net "data_in", 31 0, L_0x55a3fcbef590;  alias, 1 drivers
v0x55a3fcbd7410_0 .var "data_out", 31 0;
v0x55a3fcbd74f0 .array "memory", 0 31, 31 0;
v0x55a3fcbd7600_0 .net "memread", 0 0, L_0x7fb318c99648;  alias, 1 drivers
v0x55a3fcbd76a0_0 .net "memwrite", 0 0, L_0x7fb318c99690;  alias, 1 drivers
E_0x55a3fcbbccc0 .event posedge, v0x55a3fcbd7260_0;
S_0x55a3fcbd77f0 .scope module, "ig0" "imm_gen" 5 170, 5 100 0, S_0x55a3fcbd6ac0;
 .timescale -9 -12;
    .port_info 0 /INPUT 32 "instruction";
    .port_info 1 /OUTPUT 32 "imm_out";
v0x55a3fcbd7a30_0 .var "imm_out", 31 0;
v0x55a3fcbd7b30_0 .net "instruction", 31 0, v0x55a3fcbd87a0_0;  alias, 1 drivers
v0x55a3fcbd7c10_0 .net "opcode", 6 0, L_0x55a3fcbde830;  1 drivers
E_0x55a3fcbbc4f0 .event anyedge, v0x55a3fcbd7c10_0, v0x55a3fcbd7b30_0;
L_0x55a3fcbde830 .part v0x55a3fcbd87a0_0, 0, 7;
S_0x55a3fcbd7d60 .scope module, "im0" "instruction_memory" 5 161, 5 67 0, S_0x55a3fcbd6ac0;
 .timescale -9 -12;
    .port_info 0 /INPUT 32 "addr";
    .port_info 1 /INPUT 1 "CS";
    .port_info 2 /INPUT 1 "OE";
    .port_info 3 /INPUT 1 "regwrite";
    .port_info 4 /OUTPUT 32 "out";
P_0x55a3fcbd6d10 .param/str "IFILE" 0 5 69, "rom_hex.mem";
P_0x55a3fcbd6d50 .param/l "W" 0 5 68, +C4<00000000000000000000000000100000>;
L_0x7fb318c99060 .functor BUFT 1, C4<1>, C4<0>, C4<0>, C4<0>;
v0x55a3fcbd8160_0 .net "CS", 0 0, L_0x7fb318c99060;  1 drivers
L_0x7fb318c990a8 .functor BUFT 1, C4<1>, C4<0>, C4<0>, C4<0>;
v0x55a3fcbd8240_0 .net "OE", 0 0, L_0x7fb318c990a8;  1 drivers
v0x55a3fcbd8300_0 .net *"_ivl_2", 29 0, L_0x55a3fcbde6d0;  1 drivers
L_0x7fb318c99018 .functor BUFT 1, C4<00>, C4<0>, C4<0>, C4<0>;
v0x55a3fcbd83f0_0 .net *"_ivl_4", 1 0, L_0x7fb318c99018;  1 drivers
v0x55a3fcbd84d0_0 .net "addr", 31 0, v0x55a3fcbdd040_0;  alias, 1 drivers
v0x55a3fcbd8600 .array "data", 0 1023, 7 0;
v0x55a3fcbd86c0_0 .var/i "i", 31 0;
v0x55a3fcbd87a0_0 .var "out", 31 0;
v0x55a3fcbd8860_0 .net "regwrite", 0 0, L_0x55a3fcbf1f30;  alias, 1 drivers
v0x55a3fcbd8930_0 .net "word_addr", 31 0, L_0x55a3fcbde770;  1 drivers
E_0x55a3fcbd8100 .event anyedge, v0x55a3fcbd8240_0, v0x55a3fcbd8160_0, v0x55a3fcbd84d0_0;
L_0x55a3fcbde6d0 .part v0x55a3fcbdd040_0, 2, 30;
L_0x55a3fcbde770 .concat [ 30 2 0 0], L_0x55a3fcbde6d0, L_0x7fb318c99018;
S_0x55a3fcbd8aa0 .scope module, "rf0" "registerfile" 5 176, 5 32 0, S_0x55a3fcbd6ac0;
 .timescale -9 -12;
    .port_info 0 /INPUT 5 "Read1";
    .port_info 1 /INPUT 5 "Read2";
    .port_info 2 /INPUT 5 "WriteReg";
    .port_info 3 /INPUT 32 "WriteData";
    .port_info 4 /INPUT 1 "RegWrite";
    .port_info 5 /INPUT 1 "clk";
    .port_info 6 /OUTPUT 32 "Data1";
    .port_info 7 /OUTPUT 32 "Data2";
P_0x55a3fcbd8c30 .param/l "W" 0 5 34, +C4<00000000000000000000000000100000>;
v0x55a3fcbd8e80_0 .net "Data1", 31 0, L_0x55a3fcbeeed0;  alias, 1 drivers
v0x55a3fcbd8f80_0 .net "Data2", 31 0, L_0x55a3fcbef590;  alias, 1 drivers
v0x55a3fcbd9070_0 .net "Read1", 4 0, L_0x55a3fcbef730;  1 drivers
v0x55a3fcbd9140_0 .net "Read2", 4 0, L_0x55a3fcbef7d0;  1 drivers
v0x55a3fcbd9220_0 .net "RegWrite", 0 0, L_0x55a3fcbf1f30;  alias, 1 drivers
v0x55a3fcbd9360_0 .net "WriteData", 31 0, L_0x55a3fcbf2410;  1 drivers
v0x55a3fcbd9440_0 .net "WriteReg", 4 0, L_0x55a3fcbef870;  1 drivers
L_0x7fb318c990f0 .functor BUFT 1, C4<00000>, C4<0>, C4<0>, C4<0>;
v0x55a3fcbd9520_0 .net/2u *"_ivl_0", 4 0, L_0x7fb318c990f0;  1 drivers
L_0x7fb318c99180 .functor BUFT 1, C4<00>, C4<0>, C4<0>, C4<0>;
v0x55a3fcbd9600_0 .net *"_ivl_11", 1 0, L_0x7fb318c99180;  1 drivers
L_0x7fb318c991c8 .functor BUFT 1, C4<0000001>, C4<0>, C4<0>, C4<0>;
v0x55a3fcbd96e0_0 .net/2u *"_ivl_12", 6 0, L_0x7fb318c991c8;  1 drivers
v0x55a3fcbd97c0_0 .net *"_ivl_14", 6 0, L_0x55a3fcbeed10;  1 drivers
L_0x7fb318c99210 .functor BUFT 1, C4<00000>, C4<0>, C4<0>, C4<0>;
v0x55a3fcbd98a0_0 .net/2u *"_ivl_18", 4 0, L_0x7fb318c99210;  1 drivers
v0x55a3fcbd9980_0 .net *"_ivl_2", 0 0, L_0x55a3fcbde990;  1 drivers
v0x55a3fcbd9a40_0 .net *"_ivl_20", 0 0, L_0x55a3fcbef060;  1 drivers
L_0x7fb318c99258 .functor BUFT 1, C4<00000000000000000000000000000000>, C4<0>, C4<0>, C4<0>;
v0x55a3fcbd9b00_0 .net/2u *"_ivl_22", 31 0, L_0x7fb318c99258;  1 drivers
v0x55a3fcbd9be0_0 .net *"_ivl_24", 31 0, L_0x55a3fcbef220;  1 drivers
v0x55a3fcbd9cc0_0 .net *"_ivl_26", 6 0, L_0x55a3fcbef2c0;  1 drivers
L_0x7fb318c992a0 .functor BUFT 1, C4<00>, C4<0>, C4<0>, C4<0>;
v0x55a3fcbd9eb0_0 .net *"_ivl_29", 1 0, L_0x7fb318c992a0;  1 drivers
L_0x7fb318c992e8 .functor BUFT 1, C4<0000001>, C4<0>, C4<0>, C4<0>;
v0x55a3fcbd9f90_0 .net/2u *"_ivl_30", 6 0, L_0x7fb318c992e8;  1 drivers
v0x55a3fcbda070_0 .net *"_ivl_32", 6 0, L_0x55a3fcbef400;  1 drivers
L_0x7fb318c99138 .functor BUFT 1, C4<00000000000000000000000000000000>, C4<0>, C4<0>, C4<0>;
v0x55a3fcbda150_0 .net/2u *"_ivl_4", 31 0, L_0x7fb318c99138;  1 drivers
v0x55a3fcbda230_0 .net *"_ivl_6", 31 0, L_0x55a3fcbeead0;  1 drivers
v0x55a3fcbda310_0 .net *"_ivl_8", 6 0, L_0x55a3fcbeeba0;  1 drivers
v0x55a3fcbda3f0_0 .net "clk", 0 0, v0x55a3fcbde2b0_0;  alias, 1 drivers
v0x55a3fcbda490_0 .var/i "i", 31 0;
v0x55a3fcbda550 .array "registers", 1 31, 31 0;
L_0x55a3fcbde990 .cmp/eq 5, L_0x55a3fcbef730, L_0x7fb318c990f0;
L_0x55a3fcbeead0 .array/port v0x55a3fcbda550, L_0x55a3fcbeed10;
L_0x55a3fcbeeba0 .concat [ 5 2 0 0], L_0x55a3fcbef730, L_0x7fb318c99180;
L_0x55a3fcbeed10 .arith/sub 7, L_0x55a3fcbeeba0, L_0x7fb318c991c8;
L_0x55a3fcbeeed0 .functor MUXZ 32, L_0x55a3fcbeead0, L_0x7fb318c99138, L_0x55a3fcbde990, C4<>;
L_0x55a3fcbef060 .cmp/eq 5, L_0x55a3fcbef7d0, L_0x7fb318c99210;
L_0x55a3fcbef220 .array/port v0x55a3fcbda550, L_0x55a3fcbef400;
L_0x55a3fcbef2c0 .concat [ 5 2 0 0], L_0x55a3fcbef7d0, L_0x7fb318c992a0;
L_0x55a3fcbef400 .arith/sub 7, L_0x55a3fcbef2c0, L_0x7fb318c992e8;
L_0x55a3fcbef590 .functor MUXZ 32, L_0x55a3fcbef220, L_0x7fb318c99258, L_0x55a3fcbef060, C4<>;
S_0x55a3fcbda710 .scope module, "ula0" "alu" 5 200, 5 4 0, S_0x55a3fcbd6ac0;
 .timescale -9 -12;
    .port_info 0 /INPUT 4 "ALUctl";
    .port_info 1 /INPUT 32 "A";
    .port_info 2 /INPUT 32 "B";
    .port_info 3 /INPUT 1 "rst";
    .port_info 4 /OUTPUT 32 "ALUout";
    .port_info 5 /OUTPUT 1 "zero";
P_0x55a3fcbda8f0 .param/l "W" 0 5 6, +C4<00000000000000000000000000100000>;
L_0x55a3fcbb4bd0 .functor AND 32, L_0x55a3fcbeeed0, L_0x55a3fcbef910, C4<11111111111111111111111111111111>, C4<11111111111111111111111111111111>;
L_0x55a3fcbb2f10 .functor OR 32, L_0x55a3fcbeeed0, L_0x55a3fcbef910, C4<00000000000000000000000000000000>, C4<00000000000000000000000000000000>;
L_0x55a3fcba60a0 .functor OR 32, L_0x55a3fcbeeed0, L_0x55a3fcbef910, C4<00000000000000000000000000000000>, C4<00000000000000000000000000000000>;
L_0x55a3fcbb67a0 .functor NOT 32, L_0x55a3fcba60a0, C4<00000000000000000000000000000000>, C4<00000000000000000000000000000000>, C4<00000000000000000000000000000000>;
v0x55a3fcbdaa70_0 .net "A", 31 0, L_0x55a3fcbeeed0;  alias, 1 drivers
v0x55a3fcbdab50_0 .net "ALUctl", 3 0, L_0x55a3fcbf1fa0;  alias, 1 drivers
v0x55a3fcbdac20_0 .net "ALUout", 31 0, L_0x55a3fcbf15a0;  alias, 1 drivers
v0x55a3fcbdad20_0 .net "B", 31 0, L_0x55a3fcbef910;  alias, 1 drivers
L_0x7fb318c99330 .functor BUFT 1, C4<0000>, C4<0>, C4<0>, C4<0>;
v0x55a3fcbdadc0_0 .net/2u *"_ivl_0", 3 0, L_0x7fb318c99330;  1 drivers
v0x55a3fcbdaef0_0 .net *"_ivl_10", 31 0, L_0x55a3fcbb2f10;  1 drivers
L_0x7fb318c993c0 .functor BUFT 1, C4<0010>, C4<0>, C4<0>, C4<0>;
v0x55a3fcbdafd0_0 .net/2u *"_ivl_12", 3 0, L_0x7fb318c993c0;  1 drivers
v0x55a3fcbdb0b0_0 .net *"_ivl_14", 0 0, L_0x55a3fcbefdb0;  1 drivers
v0x55a3fcbdb170_0 .net *"_ivl_16", 31 0, L_0x55a3fcbefe50;  1 drivers
L_0x7fb318c99408 .functor BUFT 1, C4<0110>, C4<0>, C4<0>, C4<0>;
v0x55a3fcbdb250_0 .net/2u *"_ivl_18", 3 0, L_0x7fb318c99408;  1 drivers
v0x55a3fcbdb330_0 .net *"_ivl_2", 0 0, L_0x55a3fcbefac0;  1 drivers
v0x55a3fcbdb3f0_0 .net *"_ivl_20", 0 0, L_0x55a3fcbefef0;  1 drivers
v0x55a3fcbdb4b0_0 .net *"_ivl_22", 31 0, L_0x55a3fcbf0010;  1 drivers
L_0x7fb318c99450 .functor BUFT 1, C4<0111>, C4<0>, C4<0>, C4<0>;
v0x55a3fcbdb590_0 .net/2u *"_ivl_24", 3 0, L_0x7fb318c99450;  1 drivers
v0x55a3fcbdb670_0 .net *"_ivl_26", 0 0, L_0x55a3fcbf00f0;  1 drivers
v0x55a3fcbdb730_0 .net *"_ivl_28", 0 0, L_0x55a3fcbf0320;  1 drivers
v0x55a3fcbdb7f0_0 .net *"_ivl_30", 31 0, L_0x55a3fcbf0520;  1 drivers
v0x55a3fcbdb9e0_0 .net *"_ivl_32", 31 0, L_0x55a3fcba60a0;  1 drivers
v0x55a3fcbdbac0_0 .net *"_ivl_34", 31 0, L_0x55a3fcbb67a0;  1 drivers
v0x55a3fcbdbba0_0 .net *"_ivl_36", 31 0, L_0x55a3fcbf0ee0;  1 drivers
v0x55a3fcbdbc80_0 .net *"_ivl_38", 31 0, L_0x55a3fcbf1080;  1 drivers
v0x55a3fcbdbd60_0 .net *"_ivl_4", 31 0, L_0x55a3fcbb4bd0;  1 drivers
v0x55a3fcbdbe40_0 .net *"_ivl_40", 31 0, L_0x55a3fcbf1210;  1 drivers
v0x55a3fcbdbf20_0 .net *"_ivl_42", 31 0, L_0x55a3fcbf1410;  1 drivers
L_0x7fb318c99498 .functor BUFT 1, C4<00000000000000000000000000000000>, C4<0>, C4<0>, C4<0>;
v0x55a3fcbdc000_0 .net/2u *"_ivl_46", 31 0, L_0x7fb318c99498;  1 drivers
v0x55a3fcbdc0e0_0 .net *"_ivl_48", 0 0, L_0x55a3fcbf18c0;  1 drivers
L_0x7fb318c994e0 .functor BUFT 1, C4<1>, C4<0>, C4<0>, C4<0>;
v0x55a3fcbdc1a0_0 .net/2u *"_ivl_50", 0 0, L_0x7fb318c994e0;  1 drivers
L_0x7fb318c99528 .functor BUFT 1, C4<0>, C4<0>, C4<0>, C4<0>;
v0x55a3fcbdc280_0 .net/2u *"_ivl_52", 0 0, L_0x7fb318c99528;  1 drivers
L_0x7fb318c99378 .functor BUFT 1, C4<0001>, C4<0>, C4<0>, C4<0>;
v0x55a3fcbdc360_0 .net/2u *"_ivl_6", 3 0, L_0x7fb318c99378;  1 drivers
v0x55a3fcbdc440_0 .net *"_ivl_8", 0 0, L_0x55a3fcbefc80;  1 drivers
o0x7fb318ce3518 .functor BUFZ 1, C4<z>; HiZ drive
v0x55a3fcbdc500_0 .net "rst", 0 0, o0x7fb318ce3518;  0 drivers
v0x55a3fcbdc5c0_0 .net "zero", 0 0, L_0x55a3fcbf1960;  alias, 1 drivers
L_0x55a3fcbefac0 .cmp/eq 4, L_0x55a3fcbf1fa0, L_0x7fb318c99330;
L_0x55a3fcbefc80 .cmp/eq 4, L_0x55a3fcbf1fa0, L_0x7fb318c99378;
L_0x55a3fcbefdb0 .cmp/eq 4, L_0x55a3fcbf1fa0, L_0x7fb318c993c0;
L_0x55a3fcbefe50 .arith/sum 32, L_0x55a3fcbeeed0, L_0x55a3fcbef910;
L_0x55a3fcbefef0 .cmp/eq 4, L_0x55a3fcbf1fa0, L_0x7fb318c99408;
L_0x55a3fcbf0010 .arith/sub 32, L_0x55a3fcbeeed0, L_0x55a3fcbef910;
L_0x55a3fcbf00f0 .cmp/eq 4, L_0x55a3fcbf1fa0, L_0x7fb318c99450;
L_0x55a3fcbf0320 .cmp/gt 32, L_0x55a3fcbef910, L_0x55a3fcbeeed0;
LS_0x55a3fcbf0520_0_0 .concat [ 1 1 1 1], L_0x55a3fcbf0320, L_0x55a3fcbf0320, L_0x55a3fcbf0320, L_0x55a3fcbf0320;
LS_0x55a3fcbf0520_0_4 .concat [ 1 1 1 1], L_0x55a3fcbf0320, L_0x55a3fcbf0320, L_0x55a3fcbf0320, L_0x55a3fcbf0320;
LS_0x55a3fcbf0520_0_8 .concat [ 1 1 1 1], L_0x55a3fcbf0320, L_0x55a3fcbf0320, L_0x55a3fcbf0320, L_0x55a3fcbf0320;
LS_0x55a3fcbf0520_0_12 .concat [ 1 1 1 1], L_0x55a3fcbf0320, L_0x55a3fcbf0320, L_0x55a3fcbf0320, L_0x55a3fcbf0320;
LS_0x55a3fcbf0520_0_16 .concat [ 1 1 1 1], L_0x55a3fcbf0320, L_0x55a3fcbf0320, L_0x55a3fcbf0320, L_0x55a3fcbf0320;
LS_0x55a3fcbf0520_0_20 .concat [ 1 1 1 1], L_0x55a3fcbf0320, L_0x55a3fcbf0320, L_0x55a3fcbf0320, L_0x55a3fcbf0320;
LS_0x55a3fcbf0520_0_24 .concat [ 1 1 1 1], L_0x55a3fcbf0320, L_0x55a3fcbf0320, L_0x55a3fcbf0320, L_0x55a3fcbf0320;
LS_0x55a3fcbf0520_0_28 .concat [ 1 1 1 1], L_0x55a3fcbf0320, L_0x55a3fcbf0320, L_0x55a3fcbf0320, L_0x55a3fcbf0320;
LS_0x55a3fcbf0520_1_0 .concat [ 4 4 4 4], LS_0x55a3fcbf0520_0_0, LS_0x55a3fcbf0520_0_4, LS_0x55a3fcbf0520_0_8, LS_0x55a3fcbf0520_0_12;
LS_0x55a3fcbf0520_1_4 .concat [ 4 4 4 4], LS_0x55a3fcbf0520_0_16, LS_0x55a3fcbf0520_0_20, LS_0x55a3fcbf0520_0_24, LS_0x55a3fcbf0520_0_28;
L_0x55a3fcbf0520 .concat [ 16 16 0 0], LS_0x55a3fcbf0520_1_0, LS_0x55a3fcbf0520_1_4;
L_0x55a3fcbf0ee0 .functor MUXZ 32, L_0x55a3fcbb67a0, L_0x55a3fcbf0520, L_0x55a3fcbf00f0, C4<>;
L_0x55a3fcbf1080 .functor MUXZ 32, L_0x55a3fcbf0ee0, L_0x55a3fcbf0010, L_0x55a3fcbefef0, C4<>;
L_0x55a3fcbf1210 .functor MUXZ 32, L_0x55a3fcbf1080, L_0x55a3fcbefe50, L_0x55a3fcbefdb0, C4<>;
L_0x55a3fcbf1410 .functor MUXZ 32, L_0x55a3fcbf1210, L_0x55a3fcbb2f10, L_0x55a3fcbefc80, C4<>;
L_0x55a3fcbf15a0 .functor MUXZ 32, L_0x55a3fcbf1410, L_0x55a3fcbb4bd0, L_0x55a3fcbefac0, C4<>;
L_0x55a3fcbf18c0 .cmp/eq 32, L_0x55a3fcbf15a0, L_0x7fb318c99498;
L_0x55a3fcbf1960 .functor MUXZ 1, L_0x7fb318c99528, L_0x7fb318c994e0, L_0x55a3fcbf18c0, C4<>;
    .scope S_0x55a3fcbd7d60;
T_0 ;
    %pushi/vec4 0, 0, 32;
    %store/vec4 v0x55a3fcbd86c0_0, 0, 32;
T_0.0 ;
    %load/vec4 v0x55a3fcbd86c0_0;
    %cmpi/s 1024, 0, 32;
    %jmp/0xz T_0.1, 5;
    %pushi/vec4 0, 0, 8;
    %ix/getv/s 4, v0x55a3fcbd86c0_0;
    %store/vec4a v0x55a3fcbd8600, 4, 0;
    %load/vec4 v0x55a3fcbd86c0_0;
    %addi 1, 0, 32;
    %store/vec4 v0x55a3fcbd86c0_0, 0, 32;
    %jmp T_0.0;
T_0.1 ;
    %vpi_call 5 86 "$readmemh", P_0x55a3fcbd6d10, v0x55a3fcbd8600 {0 0 0};
    %end;
    .thread T_0;
    .scope S_0x55a3fcbd7d60;
T_1 ;
    %wait E_0x55a3fcbd8100;
    %load/vec4 v0x55a3fcbd8240_0;
    %cmpi/e 1, 0, 1;
    %jmp/0xz  T_1.0, 4;
    %load/vec4 v0x55a3fcbd8930_0;
    %muli 4, 0, 32;
    %ix/vec4 4;
    %load/vec4a v0x55a3fcbd8600, 4;
    %load/vec4 v0x55a3fcbd8930_0;
    %muli 4, 0, 32;
    %addi 1, 0, 32;
    %ix/vec4 4;
    %load/vec4a v0x55a3fcbd8600, 4;
    %concat/vec4; draw_concat_vec4
    %load/vec4 v0x55a3fcbd8930_0;
    %muli 4, 0, 32;
    %addi 2, 0, 32;
    %ix/vec4 4;
    %load/vec4a v0x55a3fcbd8600, 4;
    %concat/vec4; draw_concat_vec4
    %load/vec4 v0x55a3fcbd8930_0;
    %muli 4, 0, 32;
    %addi 3, 0, 32;
    %ix/vec4 4;
    %load/vec4a v0x55a3fcbd8600, 4;
    %concat/vec4; draw_concat_vec4
    %store/vec4 v0x55a3fcbd87a0_0, 0, 32;
    %jmp T_1.1;
T_1.0 ;
    %pushi/vec4 0, 4294967295, 32;
    %store/vec4 v0x55a3fcbd87a0_0, 0, 32;
T_1.1 ;
    %jmp T_1;
    .thread T_1, $push;
    .scope S_0x55a3fcbd77f0;
T_2 ;
    %wait E_0x55a3fcbbc4f0;
    %load/vec4 v0x55a3fcbd7c10_0;
    %dup/vec4;
    %pushi/vec4 19, 0, 7;
    %cmp/u;
    %jmp/1 T_2.0, 6;
    %dup/vec4;
    %pushi/vec4 99, 0, 7;
    %cmp/u;
    %jmp/1 T_2.1, 6;
    %pushi/vec4 0, 0, 32;
    %store/vec4 v0x55a3fcbd7a30_0, 0, 32;
    %jmp T_2.3;
T_2.0 ;
    %load/vec4 v0x55a3fcbd7b30_0;
    %parti/s 1, 31, 6;
    %replicate 20;
    %load/vec4 v0x55a3fcbd7b30_0;
    %parti/s 12, 20, 6;
    %concat/vec4; draw_concat_vec4
    %store/vec4 v0x55a3fcbd7a30_0, 0, 32;
    %jmp T_2.3;
T_2.1 ;
    %load/vec4 v0x55a3fcbd7b30_0;
    %parti/s 1, 31, 6;
    %replicate 19;
    %load/vec4 v0x55a3fcbd7b30_0;
    %parti/s 1, 31, 6;
    %concat/vec4; draw_concat_vec4
    %load/vec4 v0x55a3fcbd7b30_0;
    %parti/s 1, 7, 4;
    %concat/vec4; draw_concat_vec4
    %load/vec4 v0x55a3fcbd7b30_0;
    %parti/s 6, 25, 6;
    %concat/vec4; draw_concat_vec4
    %load/vec4 v0x55a3fcbd7b30_0;
    %parti/s 4, 8, 5;
    %concat/vec4; draw_concat_vec4
    %concati/vec4 0, 0, 1;
    %store/vec4 v0x55a3fcbd7a30_0, 0, 32;
    %jmp T_2.3;
T_2.3 ;
    %pop/vec4 1;
    %jmp T_2;
    .thread T_2, $push;
    .scope S_0x55a3fcbd8aa0;
T_3 ;
    %pushi/vec4 1, 0, 32;
    %store/vec4 v0x55a3fcbda490_0, 0, 32;
T_3.0 ;
    %load/vec4 v0x55a3fcbda490_0;
    %cmpi/s 32, 0, 32;
    %jmp/0xz T_3.1, 5;
    %pushi/vec4 0, 0, 32;
    %load/vec4 v0x55a3fcbda490_0;
    %subi 1, 0, 32;
    %ix/vec4/s 4;
    %store/vec4a v0x55a3fcbda550, 4, 0;
    %load/vec4 v0x55a3fcbda490_0;
    %addi 1, 0, 32;
    %store/vec4 v0x55a3fcbda490_0, 0, 32;
    %jmp T_3.0;
T_3.1 ;
    %end;
    .thread T_3;
    .scope S_0x55a3fcbd8aa0;
T_4 ;
    %wait E_0x55a3fcbbccc0;
    %load/vec4 v0x55a3fcbd9220_0;
    %load/vec4 v0x55a3fcbd9440_0;
    %pad/u 32;
    %pushi/vec4 0, 0, 32;
    %cmp/ne;
    %flag_get/vec4 4;
    %and;
    %flag_set/vec4 8;
    %jmp/0xz  T_4.0, 8;
    %load/vec4 v0x55a3fcbd9360_0;
    %load/vec4 v0x55a3fcbd9440_0;
    %pad/u 7;
    %subi 1, 0, 7;
    %ix/vec4 3;
    %ix/load 4, 0, 0; Constant delay
    %assign/vec4/a/d v0x55a3fcbda550, 0, 4;
T_4.0 ;
    %jmp T_4;
    .thread T_4;
    .scope S_0x55a3fcbd6de0;
T_5 ;
    %wait E_0x55a3fcbbccc0;
    %load/vec4 v0x55a3fcbd76a0_0;
    %flag_set/vec4 8;
    %jmp/0xz  T_5.0, 8;
    %load/vec4 v0x55a3fcbd7320_0;
    %ix/getv 3, v0x55a3fcbd7160_0;
    %ix/load 4, 0, 0; Constant delay
    %assign/vec4/a/d v0x55a3fcbd74f0, 0, 4;
T_5.0 ;
    %load/vec4 v0x55a3fcbd7600_0;
    %flag_set/vec4 8;
    %jmp/0xz  T_5.2, 8;
    %ix/getv 4, v0x55a3fcbd7160_0;
    %load/vec4a v0x55a3fcbd74f0, 4;
    %assign/vec4 v0x55a3fcbd7410_0, 0;
T_5.2 ;
    %jmp T_5;
    .thread T_5;
    .scope S_0x55a3fcbd6ac0;
T_6 ;
    %wait E_0x55a3fcbbc0f0;
    %load/vec4 v0x55a3fcbdd420_0;
    %flag_set/vec4 8;
    %jmp/0xz  T_6.0, 8;
    %pushi/vec4 0, 0, 32;
    %assign/vec4 v0x55a3fcbdd040_0, 0;
    %jmp T_6.1;
T_6.0 ;
    %load/vec4 v0x55a3fcbdd0e0_0;
    %flag_set/vec4 8;
    %jmp/0xz  T_6.2, 8;
    %load/vec4 v0x55a3fcbdd040_0;
    %load/vec4 v0x55a3fcbdcc80_0;
    %add;
    %assign/vec4 v0x55a3fcbdd040_0, 0;
    %jmp T_6.3;
T_6.2 ;
    %load/vec4 v0x55a3fcbdd040_0;
    %addi 4, 0, 32;
    %assign/vec4 v0x55a3fcbdd040_0, 0;
T_6.3 ;
T_6.1 ;
    %jmp T_6;
    .thread T_6;
    .scope S_0x55a3fcb6b820;
T_7 ;
    %pushi/vec4 0, 0, 1;
    %store/vec4 v0x55a3fcbde2b0_0, 0, 1;
T_7.0 ;
    %delay 5000, 0;
    %load/vec4 v0x55a3fcbde2b0_0;
    %inv;
    %store/vec4 v0x55a3fcbde2b0_0, 0, 1;
    %jmp T_7.0;
    %end;
    .thread T_7;
    .scope S_0x55a3fcb6b820;
T_8 ;
    %vpi_call 2 18 "$dumpfile", "polriscv_sc_tb.vcd" {0 0 0};
    %vpi_call 2 19 "$dumpvars", 32'sb00000000000000000000000000000000, S_0x55a3fcb755e0 {0 0 0};
    %vpi_call 2 22 "$display", "\012=== CONTE\303\232DO DA MEM\303\223RIA DE INSTRU\303\207\303\225ES ===" {0 0 0};
    %vpi_call 2 23 "$display", "Endere\303\247o\011Instru\303\247\303\243o (hex)" {0 0 0};
    %pushi/vec4 0, 0, 32;
    %store/vec4 v0x55a3fcbde4c0_0, 0, 32;
T_8.0 ;
    %load/vec4 v0x55a3fcbde4c0_0;
    %cmpi/s 64, 0, 32;
    %jmp/0xz T_8.1, 5;
    %load/vec4 v0x55a3fcbde4c0_0;
    %muli 4, 0, 32;
    %vpi_call 2 25 "$display", "0x%h\0110x%h", S<0,vec4,s32>, &A<v0x55a3fcbd8600, v0x55a3fcbde4c0_0 > {1 0 0};
    %load/vec4 v0x55a3fcbde4c0_0;
    %addi 1, 0, 32;
    %store/vec4 v0x55a3fcbde4c0_0, 0, 32;
    %jmp T_8.0;
T_8.1 ;
    %pushi/vec4 1, 0, 1;
    %store/vec4 v0x55a3fcbde580_0, 0, 1;
    %delay 10000, 0;
    %pushi/vec4 0, 0, 1;
    %store/vec4 v0x55a3fcbde580_0, 0, 1;
    %vpi_call 2 33 "$display", "\012=== Iniciando simula\303\247\303\243o do RISC-V por 100 ciclos ===" {0 0 0};
    %vpi_call 2 34 "$display", "Ciclo\011PC\011\011Instru\303\247\303\243o\011\011Zero\011Branch\011PCSrc\011a0\011\011a2\011\011a3\011\011a4\011\011a5" {0 0 0};
    %pushi/vec4 0, 0, 32;
    %store/vec4 v0x55a3fcbde3e0_0, 0, 32;
T_8.2 ;
    %load/vec4 v0x55a3fcbde3e0_0;
    %cmpi/s 100, 0, 32;
    %jmp/0xz T_8.3, 5;
    %delay 10000, 0;
    %vpi_call 2 42 "$display", "%0d\0110x%h\0110x%h\011%b\011%b\011%b\0110x%h\0110x%h\0110x%h\0110x%h\0110x%h", v0x55a3fcbde3e0_0, v0x55a3fcbdde50_0, v0x55a3fcbddc20_0, v0x55a3fcbde1d0_0, v0x55a3fcbdda90_0, v0x55a3fcbddf40_0, &A<v0x55a3fcbda550, 9>, &A<v0x55a3fcbda550, 11>, &A<v0x55a3fcbda550, 12>, &A<v0x55a3fcbda550, 13>, &A<v0x55a3fcbda550, 14> {0 0 0};
    %load/vec4 v0x55a3fcbde3e0_0;
    %addi 1, 0, 32;
    %store/vec4 v0x55a3fcbde3e0_0, 0, 32;
    %jmp T_8.2;
T_8.3 ;
    %vpi_call 2 58 "$display", "\012=== Fim da simula\303\247\303\243o ap\303\263s %0d ciclos ===", v0x55a3fcbde3e0_0 {0 0 0};
    %vpi_call 2 59 "$display", "PC final = 0x%h", v0x55a3fcbdde50_0 {0 0 0};
    %vpi_call 2 60 "$display", "Valores finais dos registradores:" {0 0 0};
    %vpi_call 2 61 "$display", "a0 (x10) = 0x%h", &A<v0x55a3fcbda550, 9> {0 0 0};
    %vpi_call 2 62 "$display", "a2 (x12) = 0x%h", &A<v0x55a3fcbda550, 11> {0 0 0};
    %vpi_call 2 63 "$display", "a3 (x13) = 0x%h", &A<v0x55a3fcbda550, 12> {0 0 0};
    %vpi_call 2 64 "$display", "a4 (x14) = 0x%h", &A<v0x55a3fcbda550, 13> {0 0 0};
    %vpi_call 2 65 "$display", "a5 (x15) = 0x%h", &A<v0x55a3fcbda550, 14> {0 0 0};
    %vpi_call 2 67 "$finish" {0 0 0};
    %end;
    .thread T_8;
# The file index is used to find the file name in the following table.
:file_names 6;
    "N/A";
    "<interactive>";
    "poliriscv_sc_tb.v";
    "poliriscv_sc.v";
    "control_unint.v";
    "fluxo_dados.v";
