#! /usr/local/bin/vvp
:ivl_version "12.0 (stable)";
:ivl_delay_selection "TYPICAL";
:vpi_time_precision - 12;
:vpi_module "/usr/local/lib/ivl/system.vpi";
:vpi_module "/usr/local/lib/ivl/vhdl_sys.vpi";
:vpi_module "/usr/local/lib/ivl/vhdl_textio.vpi";
:vpi_module "/usr/local/lib/ivl/v2005_math.vpi";
:vpi_module "/usr/local/lib/ivl/va_math.vpi";
S_0x55f6723e2750 .scope module, "poliriscv_tb" "poliriscv_tb" 2 3;
 .timescale -9 -12;
L_0x55f67242c8d0 .functor BUFZ 32, v0x55f672411320_0, C4<00000000000000000000000000000000>, C4<00000000000000000000000000000000>, C4<00000000000000000000000000000000>;
L_0x55f67242c940 .functor BUFZ 32, v0x55f67240ae70_0, C4<00000000000000000000000000000000>, C4<00000000000000000000000000000000>, C4<00000000000000000000000000000000>;
L_0x55f67242c9b0 .functor BUFZ 32, L_0x55f6724285b0, C4<00000000000000000000000000000000>, C4<00000000000000000000000000000000>, C4<00000000000000000000000000000000>;
L_0x55f67242ca20 .functor BUFZ 32, L_0x55f672423fe0, C4<00000000000000000000000000000000>, C4<00000000000000000000000000000000>, C4<00000000000000000000000000000000>;
L_0x55f67242ca90 .functor BUFZ 32, L_0x55f672424660, C4<00000000000000000000000000000000>, C4<00000000000000000000000000000000>, C4<00000000000000000000000000000000>;
L_0x55f67242cb00 .functor BUFZ 32, v0x55f67240a290_0, C4<00000000000000000000000000000000>, C4<00000000000000000000000000000000>, C4<00000000000000000000000000000000>;
L_0x55f67242cbb0 .functor BUFZ 1, L_0x55f6724288f0, C4<0>, C4<0>, C4<0>;
L_0x55f67242cc20 .functor BUFZ 4, L_0x55f67242c560, C4<0000>, C4<0000>, C4<0000>;
v0x55f6724128b0_0 .net "alu_out", 31 0, L_0x55f67242c9b0;  1 drivers
v0x55f672412990_0 .net "aluctl", 3 0, L_0x55f67242cc20;  1 drivers
v0x55f672412a70_0 .var "clk", 0 0;
v0x55f672412ba0_0 .net "imm", 31 0, L_0x55f67242cb00;  1 drivers
v0x55f672412c60_0 .net "instruction", 31 0, L_0x55f67242c940;  1 drivers
v0x55f672412d40_0 .net "pc", 31 0, L_0x55f67242c8d0;  1 drivers
v0x55f672412e20_0 .net "rd1", 31 0, L_0x55f67242ca20;  1 drivers
v0x55f672412f00_0 .net "rd2", 31 0, L_0x55f67242ca90;  1 drivers
v0x55f672412fe0_0 .var "rst", 0 0;
v0x55f672413110_0 .net "zero", 0 0, L_0x55f67242cbb0;  1 drivers
S_0x55f672368960 .scope module, "dut" "poliriscv_sc" 2 12, 3 1 0, S_0x55f6723e2750;
 .timescale -9 -12;
    .port_info 0 /INPUT 1 "clk";
    .port_info 1 /INPUT 1 "rst";
P_0x55f6723bcfb0 .param/str "IFILE" 0 3 4, "test_program.mem";
P_0x55f6723bcff0 .param/l "datawords" 0 3 3, +C4<00000000000000000000010000000000>;
P_0x55f6723bd030 .param/l "instructions" 0 3 2, +C4<00000000000000000000000100000000>;
v0x55f672411ce0_0 .net "aluctl", 3 0, L_0x55f67242c560;  1 drivers
v0x55f672411dc0_0 .net "alusrc", 0 0, L_0x55f672429770;  1 drivers
v0x55f672411ed0_0 .net "branch_comb", 0 0, L_0x55f672428c40;  1 drivers
v0x55f672411fc0_0 .net "clk", 0 0, v0x55f672412a70_0;  1 drivers
v0x55f672412060_0 .net "instruction", 31 0, v0x55f67240ae70_0;  1 drivers
v0x55f672412150_0 .net "is_jal", 0 0, L_0x55f672429200;  1 drivers
v0x55f672412240_0 .net "is_jalr", 0 0, L_0x55f672429330;  1 drivers
v0x55f672412330_0 .net "is_lui", 0 0, L_0x55f672429420;  1 drivers
L_0x7f7522fd6a38 .functor BUFT 1, C4<0>, C4<0>, C4<0>, C4<0>;
v0x55f672412420_0 .net "mem2reg", 0 0, L_0x7f7522fd6a38;  1 drivers
L_0x7f7522fd6a80 .functor BUFT 1, C4<0>, C4<0>, C4<0>, C4<0>;
v0x55f6724124c0_0 .net "memwrite", 0 0, L_0x7f7522fd6a80;  1 drivers
v0x55f672412560_0 .net "pc", 31 0, v0x55f672411320_0;  1 drivers
v0x55f672412600_0 .net "regwrite", 0 0, L_0x55f672429aa0;  1 drivers
v0x55f672412730_0 .net "rst", 0 0, v0x55f672412fe0_0;  1 drivers
v0x55f6724127d0_0 .net "zero_comb", 0 0, L_0x55f6724288f0;  1 drivers
L_0x55f67242c6f0 .part v0x55f67240ae70_0, 0, 7;
L_0x55f67242c790 .part v0x55f67240ae70_0, 12, 3;
L_0x55f67242c830 .part v0x55f67240ae70_0, 25, 7;
S_0x55f6723d0e80 .scope module, "control_unit0" "control_unit" 3 48, 4 1 0, S_0x55f672368960;
 .timescale -9 -12;
    .port_info 0 /INPUT 7 "opcode";
    .port_info 1 /INPUT 3 "funct3";
    .port_info 2 /INPUT 7 "funct7";
    .port_info 3 /INPUT 1 "zero";
    .port_info 4 /OUTPUT 1 "mem2reg";
    .port_info 5 /OUTPUT 1 "memwrite";
    .port_info 6 /OUTPUT 1 "alusrc";
    .port_info 7 /OUTPUT 1 "regwrite";
    .port_info 8 /OUTPUT 4 "aluctl";
    .port_info 9 /OUTPUT 1 "branch";
    .port_info 10 /OUTPUT 1 "is_lui";
    .port_info 11 /OUTPUT 1 "is_jal";
    .port_info 12 /OUTPUT 1 "is_jalr";
P_0x55f6723e43a0 .param/l "ADD" 1 4 25, C4<000>;
P_0x55f6723e43e0 .param/l "AND" 1 4 29, C4<111>;
P_0x55f6723e4420 .param/l "BRANCH" 1 4 19, C4<1100011>;
P_0x55f6723e4460 .param/l "I_TYPE" 1 4 18, C4<0010011>;
P_0x55f6723e44a0 .param/l "JAL" 1 4 21, C4<1101111>;
P_0x55f6723e44e0 .param/l "JALR" 1 4 22, C4<1100111>;
P_0x55f6723e4520 .param/l "LUI" 1 4 23, C4<0110111>;
P_0x55f6723e4560 .param/l "OR" 1 4 28, C4<110>;
P_0x55f6723e45a0 .param/l "R_TYPE" 1 4 17, C4<0110011>;
P_0x55f6723e45e0 .param/l "SET_LTS" 1 4 33, C4<010>;
P_0x55f6723e4620 .param/l "SET_LTU" 1 4 34, C4<011>;
P_0x55f6723e4660 .param/l "SHIFT_LL" 1 4 30, C4<001>;
P_0x55f6723e46a0 .param/l "SHIFT_RA" 1 4 32, C4<101>;
P_0x55f6723e46e0 .param/l "SHIFT_RL" 1 4 31, C4<101>;
P_0x55f6723e4720 .param/l "SUB" 1 4 26, C4<000>;
P_0x55f6723e4760 .param/l "XOR" 1 4 27, C4<100>;
L_0x55f672428c40 .functor BUFZ 1, L_0x55f672429110, C4<0>, C4<0>, C4<0>;
L_0x55f672429700 .functor OR 1, L_0x55f672428fd0, L_0x55f672429330, C4<0>, C4<0>;
L_0x55f672429770 .functor OR 1, L_0x55f672429700, L_0x55f672429420, C4<0>, C4<0>;
L_0x55f672429870 .functor OR 1, L_0x55f672428ee0, L_0x55f672428fd0, C4<0>, C4<0>;
L_0x55f6724298e0 .functor OR 1, L_0x55f672429870, L_0x55f672429200, C4<0>, C4<0>;
L_0x55f6724299a0 .functor OR 1, L_0x55f6724298e0, L_0x55f672429330, C4<0>, C4<0>;
L_0x55f672429aa0 .functor OR 1, L_0x55f6724299a0, L_0x55f672429420, C4<0>, C4<0>;
L_0x55f672429d90 .functor AND 1, L_0x55f672429b60, L_0x55f672429c50, C4<1>, C4<1>;
L_0x55f67242a030 .functor AND 1, L_0x55f672429ef0, L_0x55f672428fd0, C4<1>, C4<1>;
L_0x55f67242a180 .functor OR 1, L_0x55f672429d90, L_0x55f67242a030, C4<0>, C4<0>;
L_0x55f67242a490 .functor AND 1, L_0x55f67242a2a0, L_0x55f67242a3a0, C4<1>, C4<1>;
L_0x55f67242a6d0 .functor AND 1, L_0x55f67242aa90, L_0x55f67242ac10, C4<1>, C4<1>;
L_0x55f67242b040 .functor AND 1, L_0x55f67242ae10, L_0x55f67242afa0, C4<1>, C4<1>;
L_0x7f7522fd6888 .functor BUFT 1, C4<0110011>, C4<0>, C4<0>, C4<0>;
v0x55f6723ee060_0 .net/2u *"_ivl_0", 6 0, L_0x7f7522fd6888;  1 drivers
L_0x7f7522fd6e28 .functor BUFT 1, C4<0100000>, C4<0>, C4<0>, C4<0>;
v0x55f6723bc190_0 .net/2u *"_ivl_100", 6 0, L_0x7f7522fd6e28;  1 drivers
v0x55f6723de890_0 .net *"_ivl_102", 0 0, L_0x55f67242afa0;  1 drivers
L_0x7f7522fd6e70 .functor BUFT 1, C4<010>, C4<0>, C4<0>, C4<0>;
v0x55f6723cbe80_0 .net/2u *"_ivl_106", 2 0, L_0x7f7522fd6e70;  1 drivers
L_0x7f7522fd6eb8 .functor BUFT 1, C4<011>, C4<0>, C4<0>, C4<0>;
v0x55f672405060_0 .net/2u *"_ivl_110", 2 0, L_0x7f7522fd6eb8;  1 drivers
L_0x7f7522fd6f00 .functor BUFT 1, C4<0000>, C4<0>, C4<0>, C4<0>;
v0x55f672405190_0 .net/2u *"_ivl_114", 3 0, L_0x7f7522fd6f00;  1 drivers
L_0x7f7522fd6f48 .functor BUFT 1, C4<0001>, C4<0>, C4<0>, C4<0>;
v0x55f672405270_0 .net/2u *"_ivl_116", 3 0, L_0x7f7522fd6f48;  1 drivers
L_0x7f7522fd6f90 .functor BUFT 1, C4<0010>, C4<0>, C4<0>, C4<0>;
v0x55f672405350_0 .net/2u *"_ivl_118", 3 0, L_0x7f7522fd6f90;  1 drivers
L_0x7f7522fd6960 .functor BUFT 1, C4<1101111>, C4<0>, C4<0>, C4<0>;
v0x55f672405430_0 .net/2u *"_ivl_12", 6 0, L_0x7f7522fd6960;  1 drivers
L_0x7f7522fd6fd8 .functor BUFT 1, C4<0011>, C4<0>, C4<0>, C4<0>;
v0x55f672405510_0 .net/2u *"_ivl_120", 3 0, L_0x7f7522fd6fd8;  1 drivers
L_0x7f7522fd7020 .functor BUFT 1, C4<0100>, C4<0>, C4<0>, C4<0>;
v0x55f6724055f0_0 .net/2u *"_ivl_122", 3 0, L_0x7f7522fd7020;  1 drivers
L_0x7f7522fd7068 .functor BUFT 1, C4<0101>, C4<0>, C4<0>, C4<0>;
v0x55f6724056d0_0 .net/2u *"_ivl_124", 3 0, L_0x7f7522fd7068;  1 drivers
L_0x7f7522fd70b0 .functor BUFT 1, C4<0110>, C4<0>, C4<0>, C4<0>;
v0x55f6724057b0_0 .net/2u *"_ivl_126", 3 0, L_0x7f7522fd70b0;  1 drivers
L_0x7f7522fd70f8 .functor BUFT 1, C4<0111>, C4<0>, C4<0>, C4<0>;
v0x55f672405890_0 .net/2u *"_ivl_128", 3 0, L_0x7f7522fd70f8;  1 drivers
L_0x7f7522fd7140 .functor BUFT 1, C4<1000>, C4<0>, C4<0>, C4<0>;
v0x55f672405970_0 .net/2u *"_ivl_130", 3 0, L_0x7f7522fd7140;  1 drivers
L_0x7f7522fd7188 .functor BUFT 1, C4<1001>, C4<0>, C4<0>, C4<0>;
v0x55f672405a50_0 .net/2u *"_ivl_132", 3 0, L_0x7f7522fd7188;  1 drivers
o0x7f752342d318 .functor BUFZ 4, C4<zzzz>; HiZ drive
; Elide local net with no drivers, v0x55f672405b30_0 name=_ivl_134
v0x55f672405c10_0 .net *"_ivl_136", 3 0, L_0x55f67242b340;  1 drivers
v0x55f672405cf0_0 .net *"_ivl_138", 3 0, L_0x55f67242b540;  1 drivers
v0x55f672405dd0_0 .net *"_ivl_140", 3 0, L_0x55f67242b6d0;  1 drivers
v0x55f672405eb0_0 .net *"_ivl_142", 3 0, L_0x55f67242b930;  1 drivers
v0x55f672405f90_0 .net *"_ivl_144", 3 0, L_0x55f67242bac0;  1 drivers
v0x55f672406070_0 .net *"_ivl_146", 3 0, L_0x55f67242bd30;  1 drivers
v0x55f672406150_0 .net *"_ivl_148", 3 0, L_0x55f67242bec0;  1 drivers
v0x55f672406230_0 .net *"_ivl_150", 3 0, L_0x55f67242c140;  1 drivers
v0x55f672406310_0 .net *"_ivl_152", 3 0, L_0x55f67242c2d0;  1 drivers
L_0x7f7522fd69a8 .functor BUFT 1, C4<1100111>, C4<0>, C4<0>, C4<0>;
v0x55f6724063f0_0 .net/2u *"_ivl_16", 6 0, L_0x7f7522fd69a8;  1 drivers
L_0x7f7522fd69f0 .functor BUFT 1, C4<0110111>, C4<0>, C4<0>, C4<0>;
v0x55f6724064d0_0 .net/2u *"_ivl_20", 6 0, L_0x7f7522fd69f0;  1 drivers
v0x55f6724065b0_0 .net *"_ivl_30", 0 0, L_0x55f672429700;  1 drivers
v0x55f672406690_0 .net *"_ivl_34", 0 0, L_0x55f672429870;  1 drivers
v0x55f672406770_0 .net *"_ivl_36", 0 0, L_0x55f6724298e0;  1 drivers
v0x55f672406850_0 .net *"_ivl_38", 0 0, L_0x55f6724299a0;  1 drivers
L_0x7f7522fd68d0 .functor BUFT 1, C4<0010011>, C4<0>, C4<0>, C4<0>;
v0x55f672406930_0 .net/2u *"_ivl_4", 6 0, L_0x7f7522fd68d0;  1 drivers
L_0x7f7522fd6ac8 .functor BUFT 1, C4<000>, C4<0>, C4<0>, C4<0>;
v0x55f672406a10_0 .net/2u *"_ivl_42", 2 0, L_0x7f7522fd6ac8;  1 drivers
v0x55f672406af0_0 .net *"_ivl_44", 0 0, L_0x55f672429b60;  1 drivers
L_0x7f7522fd6b10 .functor BUFT 1, C4<0000000>, C4<0>, C4<0>, C4<0>;
v0x55f672406bb0_0 .net/2u *"_ivl_46", 6 0, L_0x7f7522fd6b10;  1 drivers
v0x55f672406c90_0 .net *"_ivl_48", 0 0, L_0x55f672429c50;  1 drivers
v0x55f672406d50_0 .net *"_ivl_51", 0 0, L_0x55f672429d90;  1 drivers
L_0x7f7522fd6b58 .functor BUFT 1, C4<000>, C4<0>, C4<0>, C4<0>;
v0x55f672406e10_0 .net/2u *"_ivl_52", 2 0, L_0x7f7522fd6b58;  1 drivers
v0x55f672406ef0_0 .net *"_ivl_54", 0 0, L_0x55f672429ef0;  1 drivers
v0x55f672406fb0_0 .net *"_ivl_57", 0 0, L_0x55f67242a030;  1 drivers
L_0x7f7522fd6ba0 .functor BUFT 1, C4<000>, C4<0>, C4<0>, C4<0>;
v0x55f672407070_0 .net/2u *"_ivl_60", 2 0, L_0x7f7522fd6ba0;  1 drivers
v0x55f672407150_0 .net *"_ivl_62", 0 0, L_0x55f67242a2a0;  1 drivers
L_0x7f7522fd6be8 .functor BUFT 1, C4<0100000>, C4<0>, C4<0>, C4<0>;
v0x55f672407210_0 .net/2u *"_ivl_64", 6 0, L_0x7f7522fd6be8;  1 drivers
v0x55f6724072f0_0 .net *"_ivl_66", 0 0, L_0x55f67242a3a0;  1 drivers
L_0x7f7522fd6c30 .functor BUFT 1, C4<100>, C4<0>, C4<0>, C4<0>;
v0x55f6724073b0_0 .net/2u *"_ivl_70", 2 0, L_0x7f7522fd6c30;  1 drivers
L_0x7f7522fd6c78 .functor BUFT 1, C4<110>, C4<0>, C4<0>, C4<0>;
v0x55f672407490_0 .net/2u *"_ivl_74", 2 0, L_0x7f7522fd6c78;  1 drivers
L_0x7f7522fd6cc0 .functor BUFT 1, C4<111>, C4<0>, C4<0>, C4<0>;
v0x55f672407570_0 .net/2u *"_ivl_78", 2 0, L_0x7f7522fd6cc0;  1 drivers
L_0x7f7522fd6918 .functor BUFT 1, C4<1100011>, C4<0>, C4<0>, C4<0>;
v0x55f672407650_0 .net/2u *"_ivl_8", 6 0, L_0x7f7522fd6918;  1 drivers
L_0x7f7522fd6d08 .functor BUFT 1, C4<001>, C4<0>, C4<0>, C4<0>;
v0x55f672407730_0 .net/2u *"_ivl_82", 2 0, L_0x7f7522fd6d08;  1 drivers
L_0x7f7522fd6d50 .functor BUFT 1, C4<101>, C4<0>, C4<0>, C4<0>;
v0x55f672407810_0 .net/2u *"_ivl_86", 2 0, L_0x7f7522fd6d50;  1 drivers
v0x55f6724078f0_0 .net *"_ivl_88", 0 0, L_0x55f67242aa90;  1 drivers
L_0x7f7522fd6d98 .functor BUFT 1, C4<0000000>, C4<0>, C4<0>, C4<0>;
v0x55f6724079b0_0 .net/2u *"_ivl_90", 6 0, L_0x7f7522fd6d98;  1 drivers
v0x55f672407a90_0 .net *"_ivl_92", 0 0, L_0x55f67242ac10;  1 drivers
L_0x7f7522fd6de0 .functor BUFT 1, C4<101>, C4<0>, C4<0>, C4<0>;
v0x55f672407b50_0 .net/2u *"_ivl_96", 2 0, L_0x7f7522fd6de0;  1 drivers
v0x55f672407c30_0 .net *"_ivl_98", 0 0, L_0x55f67242ae10;  1 drivers
v0x55f672407cf0_0 .net "aluctl", 3 0, L_0x55f67242c560;  alias, 1 drivers
v0x55f672407dd0_0 .net "alusrc", 0 0, L_0x55f672429770;  alias, 1 drivers
v0x55f672407e90_0 .net "branch", 0 0, L_0x55f672428c40;  alias, 1 drivers
v0x55f672407f50_0 .net "funct3", 2 0, L_0x55f67242c790;  1 drivers
v0x55f672408030_0 .net "funct7", 6 0, L_0x55f67242c830;  1 drivers
v0x55f672408110_0 .net "is_add", 0 0, L_0x55f67242a180;  1 drivers
v0x55f6724081d0_0 .net "is_and", 0 0, L_0x55f67242a830;  1 drivers
v0x55f672408290_0 .net "is_branch", 0 0, L_0x55f672429110;  1 drivers
v0x55f672408350_0 .net "is_itype", 0 0, L_0x55f672428fd0;  1 drivers
v0x55f672408820_0 .net "is_jal", 0 0, L_0x55f672429200;  alias, 1 drivers
v0x55f6724088e0_0 .net "is_jalr", 0 0, L_0x55f672429330;  alias, 1 drivers
v0x55f6724089a0_0 .net "is_lui", 0 0, L_0x55f672429420;  alias, 1 drivers
v0x55f672408a60_0 .net "is_or", 0 0, L_0x55f67242a740;  1 drivers
v0x55f672408b20_0 .net "is_rtype", 0 0, L_0x55f672428ee0;  1 drivers
v0x55f672408be0_0 .net "is_set_lts", 0 0, L_0x55f67242b150;  1 drivers
v0x55f672408ca0_0 .net "is_set_ltu", 0 0, L_0x55f67242af00;  1 drivers
v0x55f672408d60_0 .net "is_shift_ll", 0 0, L_0x55f67242a9a0;  1 drivers
v0x55f672408e20_0 .net "is_shift_ra", 0 0, L_0x55f67242b040;  1 drivers
v0x55f672408ee0_0 .net "is_shift_rl", 0 0, L_0x55f67242a6d0;  1 drivers
v0x55f672408fa0_0 .net "is_sub", 0 0, L_0x55f67242a490;  1 drivers
v0x55f672409060_0 .net "is_xor", 0 0, L_0x55f67242a5a0;  1 drivers
v0x55f672409120_0 .net "mem2reg", 0 0, L_0x7f7522fd6a38;  alias, 1 drivers
v0x55f6724091e0_0 .net "memwrite", 0 0, L_0x7f7522fd6a80;  alias, 1 drivers
v0x55f6724092a0_0 .net "opcode", 6 0, L_0x55f67242c6f0;  1 drivers
v0x55f672409380_0 .net "regwrite", 0 0, L_0x55f672429aa0;  alias, 1 drivers
v0x55f672409440_0 .net "zero", 0 0, L_0x55f6724288f0;  alias, 1 drivers
L_0x55f672428ee0 .cmp/eq 7, L_0x55f67242c6f0, L_0x7f7522fd6888;
L_0x55f672428fd0 .cmp/eq 7, L_0x55f67242c6f0, L_0x7f7522fd68d0;
L_0x55f672429110 .cmp/eq 7, L_0x55f67242c6f0, L_0x7f7522fd6918;
L_0x55f672429200 .cmp/eq 7, L_0x55f67242c6f0, L_0x7f7522fd6960;
L_0x55f672429330 .cmp/eq 7, L_0x55f67242c6f0, L_0x7f7522fd69a8;
L_0x55f672429420 .cmp/eq 7, L_0x55f67242c6f0, L_0x7f7522fd69f0;
L_0x55f672429b60 .cmp/eq 3, L_0x55f67242c790, L_0x7f7522fd6ac8;
L_0x55f672429c50 .cmp/eq 7, L_0x55f67242c830, L_0x7f7522fd6b10;
L_0x55f672429ef0 .cmp/eq 3, L_0x55f67242c790, L_0x7f7522fd6b58;
L_0x55f67242a2a0 .cmp/eq 3, L_0x55f67242c790, L_0x7f7522fd6ba0;
L_0x55f67242a3a0 .cmp/eq 7, L_0x55f67242c830, L_0x7f7522fd6be8;
L_0x55f67242a5a0 .cmp/eq 3, L_0x55f67242c790, L_0x7f7522fd6c30;
L_0x55f67242a740 .cmp/eq 3, L_0x55f67242c790, L_0x7f7522fd6c78;
L_0x55f67242a830 .cmp/eq 3, L_0x55f67242c790, L_0x7f7522fd6cc0;
L_0x55f67242a9a0 .cmp/eq 3, L_0x55f67242c790, L_0x7f7522fd6d08;
L_0x55f67242aa90 .cmp/eq 3, L_0x55f67242c790, L_0x7f7522fd6d50;
L_0x55f67242ac10 .cmp/eq 7, L_0x55f67242c830, L_0x7f7522fd6d98;
L_0x55f67242ae10 .cmp/eq 3, L_0x55f67242c790, L_0x7f7522fd6de0;
L_0x55f67242afa0 .cmp/eq 7, L_0x55f67242c830, L_0x7f7522fd6e28;
L_0x55f67242b150 .cmp/eq 3, L_0x55f67242c790, L_0x7f7522fd6e70;
L_0x55f67242af00 .cmp/eq 3, L_0x55f67242c790, L_0x7f7522fd6eb8;
L_0x55f67242b340 .functor MUXZ 4, o0x7f752342d318, L_0x7f7522fd7188, L_0x55f67242b040, C4<>;
L_0x55f67242b540 .functor MUXZ 4, L_0x55f67242b340, L_0x7f7522fd7140, L_0x55f67242a6d0, C4<>;
L_0x55f67242b6d0 .functor MUXZ 4, L_0x55f67242b540, L_0x7f7522fd70f8, L_0x55f67242a9a0, C4<>;
L_0x55f67242b930 .functor MUXZ 4, L_0x55f67242b6d0, L_0x7f7522fd70b0, L_0x55f67242a5a0, C4<>;
L_0x55f67242bac0 .functor MUXZ 4, L_0x55f67242b930, L_0x7f7522fd7068, L_0x55f67242b150, C4<>;
L_0x55f67242bd30 .functor MUXZ 4, L_0x55f67242bac0, L_0x7f7522fd7020, L_0x55f67242af00, C4<>;
L_0x55f67242bec0 .functor MUXZ 4, L_0x55f67242bd30, L_0x7f7522fd6fd8, L_0x55f67242a490, C4<>;
L_0x55f67242c140 .functor MUXZ 4, L_0x55f67242bec0, L_0x7f7522fd6f90, L_0x55f67242a180, C4<>;
L_0x55f67242c2d0 .functor MUXZ 4, L_0x55f67242c140, L_0x7f7522fd6f48, L_0x55f67242a740, C4<>;
L_0x55f67242c560 .functor MUXZ 4, L_0x55f67242c2d0, L_0x7f7522fd6f00, L_0x55f67242a830, C4<>;
S_0x55f67236b2e0 .scope module, "datapath0" "datapath" 3 31, 5 149 0, S_0x55f672368960;
 .timescale -9 -12;
    .port_info 0 /INPUT 1 "clk";
    .port_info 1 /INPUT 1 "rst";
    .port_info 2 /INPUT 1 "branch";
    .port_info 3 /INPUT 1 "is_lui";
    .port_info 4 /INPUT 1 "is_jal";
    .port_info 5 /INPUT 1 "is_jalr";
    .port_info 6 /INPUT 1 "mem2reg";
    .port_info 7 /INPUT 1 "memwrite";
    .port_info 8 /INPUT 1 "alusrc";
    .port_info 9 /INPUT 1 "regwrite";
    .port_info 10 /INPUT 4 "aluctl";
    .port_info 11 /OUTPUT 1 "zero";
    .port_info 12 /OUTPUT 32 "instruction";
    .port_info 13 /OUTPUT 32 "pc";
P_0x55f6723cbf20 .param/str "IFILE" 0 5 151, "rom_hex.mem";
P_0x55f6723cbf60 .param/l "W" 0 5 150, +C4<00000000000000000000000000100000>;
L_0x55f6723bcc50 .functor AND 1, L_0x55f672428c40, L_0x55f6724288f0, C4<1>, C4<1>;
L_0x55f6724267c0 .functor OR 1, L_0x55f672429200, L_0x55f672429330, C4<0>, C4<0>;
L_0x55f67242cce0 .functor BUFT 32, L_0x55f6724285b0, C4<00000000000000000000000000000000>, C4<00000000000000000000000000000000>, C4<00000000000000000000000000000000>;
v0x55f67240fb40_0 .net "WriteData", 31 0, L_0x55f672428db0;  1 drivers
v0x55f67240fc20_0 .net *"_ivl_0", 0 0, L_0x55f6723bcc50;  1 drivers
L_0x7f7522fd6138 .functor BUFT 1, C4<000>, C4<0>, C4<0>, C4<0>;
v0x55f67240fce0_0 .net/2u *"_ivl_10", 2 0, L_0x7f7522fd6138;  1 drivers
v0x55f67240fdd0_0 .net *"_ivl_12", 2 0, L_0x55f672413280;  1 drivers
v0x55f67240feb0_0 .net *"_ivl_14", 2 0, L_0x55f672413370;  1 drivers
v0x55f67240ff90_0 .net *"_ivl_16", 2 0, L_0x55f6724134b0;  1 drivers
L_0x7f7522fd6018 .functor BUFT 1, C4<001>, C4<0>, C4<0>, C4<0>;
v0x55f672410070_0 .net/2u *"_ivl_2", 2 0, L_0x7f7522fd6018;  1 drivers
v0x55f672410150_0 .net *"_ivl_33", 0 0, L_0x55f6724267c0;  1 drivers
L_0x7f7522fd6840 .functor BUFT 1, C4<00000000000000000000000000000100>, C4<0>, C4<0>, C4<0>;
v0x55f672410210_0 .net/2u *"_ivl_34", 31 0, L_0x7f7522fd6840;  1 drivers
v0x55f6724102f0_0 .net *"_ivl_36", 31 0, L_0x55f672428ba0;  1 drivers
v0x55f6724103d0_0 .net *"_ivl_38", 31 0, L_0x55f67242cce0;  1 drivers
L_0x7f7522fd6060 .functor BUFT 1, C4<010>, C4<0>, C4<0>, C4<0>;
v0x55f6724104b0_0 .net/2u *"_ivl_4", 2 0, L_0x7f7522fd6060;  1 drivers
v0x55f672410590_0 .net *"_ivl_40", 31 0, L_0x55f672428cb0;  1 drivers
L_0x7f7522fd60a8 .functor BUFT 1, C4<011>, C4<0>, C4<0>, C4<0>;
v0x55f672410670_0 .net/2u *"_ivl_6", 2 0, L_0x7f7522fd60a8;  1 drivers
L_0x7f7522fd60f0 .functor BUFT 1, C4<100>, C4<0>, C4<0>, C4<0>;
v0x55f672410750_0 .net/2u *"_ivl_8", 2 0, L_0x7f7522fd60f0;  1 drivers
v0x55f672410830_0 .net "alu_out", 31 0, L_0x55f6724285b0;  1 drivers
v0x55f6724108f0_0 .net "alu_src2", 31 0, L_0x55f672424a20;  1 drivers
v0x55f6724109b0_0 .net "aluctl", 3 0, L_0x55f67242c560;  alias, 1 drivers
v0x55f672410aa0_0 .net "alusrc", 0 0, L_0x55f672429770;  alias, 1 drivers
v0x55f672410b40_0 .net "branch", 0 0, L_0x55f672428c40;  alias, 1 drivers
v0x55f672410be0_0 .net "clk", 0 0, v0x55f672412a70_0;  alias, 1 drivers
v0x55f672410cd0_0 .net "imm", 31 0, v0x55f67240a290_0;  1 drivers
v0x55f672410d70_0 .net "instruction", 31 0, v0x55f67240ae70_0;  alias, 1 drivers
v0x55f672410e60_0 .net "is_jal", 0 0, L_0x55f672429200;  alias, 1 drivers
v0x55f672410f00_0 .net "is_jalr", 0 0, L_0x55f672429330;  alias, 1 drivers
v0x55f672410fd0_0 .net "is_lui", 0 0, L_0x55f672429420;  alias, 1 drivers
v0x55f6724110a0_0 .net "mem2reg", 0 0, L_0x7f7522fd6a38;  alias, 1 drivers
v0x55f672411190_0 .net "memout", 31 0, v0x55f672409e00_0;  1 drivers
v0x55f672411230_0 .net "memwrite", 0 0, L_0x7f7522fd6a80;  alias, 1 drivers
v0x55f672411320_0 .var "pc", 31 0;
v0x55f6724113c0_0 .net "pcsrc", 2 0, L_0x55f6724135f0;  1 drivers
v0x55f672411460_0 .net "rd1", 31 0, L_0x55f672423fe0;  1 drivers
v0x55f672411550_0 .net "rd2", 31 0, L_0x55f672424660;  1 drivers
v0x55f672411850_0 .net "regwrite", 0 0, L_0x55f672429aa0;  alias, 1 drivers
v0x55f6724118f0_0 .net "rst", 0 0, v0x55f672412fe0_0;  alias, 1 drivers
v0x55f6724119b0_0 .net "zero", 0 0, L_0x55f6724288f0;  alias, 1 drivers
E_0x55f672398f30 .event posedge, v0x55f6724118f0_0, v0x55f672409c80_0;
L_0x55f672413280 .functor MUXZ 3, L_0x7f7522fd6138, L_0x7f7522fd60f0, L_0x55f672429420, C4<>;
L_0x55f672413370 .functor MUXZ 3, L_0x55f672413280, L_0x7f7522fd60a8, L_0x55f672429330, C4<>;
L_0x55f6724134b0 .functor MUXZ 3, L_0x55f672413370, L_0x7f7522fd6060, L_0x55f672429200, C4<>;
L_0x55f6724135f0 .functor MUXZ 3, L_0x55f6724134b0, L_0x7f7522fd6018, L_0x55f6723bcc50, C4<>;
L_0x55f672424800 .part v0x55f67240ae70_0, 15, 5;
L_0x55f6724248a0 .part v0x55f67240ae70_0, 20, 5;
L_0x55f672424980 .part v0x55f67240ae70_0, 7, 5;
L_0x55f672424a20 .functor MUXZ 32, L_0x55f672424660, v0x55f67240a290_0, L_0x55f672429770, C4<>;
L_0x55f672428ba0 .arith/sum 32, v0x55f672411320_0, L_0x7f7522fd6840;
L_0x55f672428cb0 .functor MUXZ 32, L_0x55f67242cce0, L_0x55f672428ba0, L_0x55f6724267c0, C4<>;
L_0x55f672428db0 .functor MUXZ 32, L_0x55f672428cb0, v0x55f67240a290_0, L_0x55f672429420, C4<>;
S_0x55f6723e2ad0 .scope module, "dm0" "DataMemory" 5 225, 5 129 0, S_0x55f67236b2e0;
 .timescale -9 -12;
    .port_info 0 /INPUT 32 "addr";
    .port_info 1 /INPUT 32 "data_in";
    .port_info 2 /INPUT 1 "memwrite";
    .port_info 3 /INPUT 1 "memread";
    .port_info 4 /INPUT 1 "clk";
    .port_info 5 /OUTPUT 32 "data_out";
P_0x55f672409a00 .param/l "W" 0 5 130, +C4<00000000000000000000000000100000>;
v0x55f672409b80_0 .net "addr", 31 0, L_0x55f6724285b0;  alias, 1 drivers
v0x55f672409c80_0 .net "clk", 0 0, v0x55f672412a70_0;  alias, 1 drivers
v0x55f672409d40_0 .net "data_in", 31 0, L_0x55f672424660;  alias, 1 drivers
v0x55f672409e00_0 .var "data_out", 31 0;
v0x55f672409ee0 .array "memory", 0 31, 31 0;
v0x55f672409ff0_0 .net "memread", 0 0, L_0x7f7522fd6a38;  alias, 1 drivers
v0x55f67240a090_0 .net "memwrite", 0 0, L_0x7f7522fd6a80;  alias, 1 drivers
E_0x55f6723ed740 .event posedge, v0x55f672409c80_0;
S_0x55f6723e2e50 .scope module, "ig0" "imm_gen" 5 186, 5 104 0, S_0x55f67236b2e0;
 .timescale -9 -12;
    .port_info 0 /INPUT 32 "instruction";
    .port_info 1 /OUTPUT 32 "imm_out";
v0x55f67240a290_0 .var "imm_out", 31 0;
v0x55f67240a390_0 .net "instruction", 31 0, v0x55f67240ae70_0;  alias, 1 drivers
v0x55f67240a470_0 .net "opcode", 6 0, L_0x55f672413960;  1 drivers
E_0x55f6723ed6c0 .event anyedge, v0x55f67240a470_0, v0x55f67240a390_0;
L_0x55f672413960 .part v0x55f67240ae70_0, 0, 7;
S_0x55f6723e3190 .scope module, "im0" "instruction_memory" 5 178, 5 71 0, S_0x55f67236b2e0;
 .timescale -9 -12;
    .port_info 0 /INPUT 32 "addr";
    .port_info 1 /INPUT 1 "CS";
    .port_info 2 /INPUT 1 "OE";
    .port_info 3 /INPUT 1 "regwrite";
    .port_info 4 /OUTPUT 32 "out";
P_0x55f672409760 .param/str "IFILE" 0 5 73, "rom_hex.mem";
P_0x55f6724097a0 .param/l "W" 0 5 72, +C4<00000000000000000000000000100000>;
L_0x7f7522fd61c8 .functor BUFT 1, C4<1>, C4<0>, C4<0>, C4<0>;
v0x55f67240a830_0 .net "CS", 0 0, L_0x7f7522fd61c8;  1 drivers
L_0x7f7522fd6210 .functor BUFT 1, C4<1>, C4<0>, C4<0>, C4<0>;
v0x55f67240a910_0 .net "OE", 0 0, L_0x7f7522fd6210;  1 drivers
v0x55f67240a9d0_0 .net *"_ivl_2", 29 0, L_0x55f672413780;  1 drivers
L_0x7f7522fd6180 .functor BUFT 1, C4<00>, C4<0>, C4<0>, C4<0>;
v0x55f67240aac0_0 .net *"_ivl_4", 1 0, L_0x7f7522fd6180;  1 drivers
v0x55f67240aba0_0 .net "addr", 31 0, v0x55f672411320_0;  alias, 1 drivers
v0x55f67240acd0 .array "data", 0 1023, 7 0;
v0x55f67240ad90_0 .var/i "i", 31 0;
v0x55f67240ae70_0 .var "out", 31 0;
v0x55f67240af30_0 .net "regwrite", 0 0, L_0x55f672429aa0;  alias, 1 drivers
v0x55f67240b000_0 .net "word_addr", 31 0, L_0x55f672413820;  1 drivers
E_0x55f67240a7d0 .event anyedge, v0x55f67240a910_0, v0x55f67240a830_0, v0x55f67240aba0_0;
L_0x55f672413780 .part v0x55f672411320_0, 2, 30;
L_0x55f672413820 .concat [ 30 2 0 0], L_0x55f672413780, L_0x7f7522fd6180;
S_0x55f6723e23d0 .scope module, "rf0" "registerfile" 5 191, 5 36 0, S_0x55f67236b2e0;
 .timescale -9 -12;
    .port_info 0 /INPUT 5 "Read1";
    .port_info 1 /INPUT 5 "Read2";
    .port_info 2 /INPUT 5 "WriteReg";
    .port_info 3 /INPUT 32 "WriteData";
    .port_info 4 /INPUT 1 "RegWrite";
    .port_info 5 /INPUT 1 "clk";
    .port_info 6 /OUTPUT 32 "Data1";
    .port_info 7 /OUTPUT 32 "Data2";
P_0x55f67240b170 .param/l "W" 0 5 38, +C4<00000000000000000000000000100000>;
v0x55f67240b3c0_0 .net "Data1", 31 0, L_0x55f672423fe0;  alias, 1 drivers
v0x55f67240b4c0_0 .net "Data2", 31 0, L_0x55f672424660;  alias, 1 drivers
v0x55f67240b5b0_0 .net "Read1", 4 0, L_0x55f672424800;  1 drivers
v0x55f67240b680_0 .net "Read2", 4 0, L_0x55f6724248a0;  1 drivers
v0x55f67240b760_0 .net "RegWrite", 0 0, L_0x55f672429aa0;  alias, 1 drivers
v0x55f67240b8a0_0 .net "WriteData", 31 0, L_0x55f672428db0;  alias, 1 drivers
v0x55f67240b980_0 .net "WriteReg", 4 0, L_0x55f672424980;  1 drivers
L_0x7f7522fd6258 .functor BUFT 1, C4<00000>, C4<0>, C4<0>, C4<0>;
v0x55f67240ba60_0 .net/2u *"_ivl_0", 4 0, L_0x7f7522fd6258;  1 drivers
L_0x7f7522fd62e8 .functor BUFT 1, C4<00>, C4<0>, C4<0>, C4<0>;
v0x55f67240bb40_0 .net *"_ivl_11", 1 0, L_0x7f7522fd62e8;  1 drivers
L_0x7f7522fd6330 .functor BUFT 1, C4<0000001>, C4<0>, C4<0>, C4<0>;
v0x55f67240bc20_0 .net/2u *"_ivl_12", 6 0, L_0x7f7522fd6330;  1 drivers
v0x55f67240bd00_0 .net *"_ivl_14", 6 0, L_0x55f672423e20;  1 drivers
L_0x7f7522fd6378 .functor BUFT 1, C4<00000>, C4<0>, C4<0>, C4<0>;
v0x55f67240bde0_0 .net/2u *"_ivl_18", 4 0, L_0x7f7522fd6378;  1 drivers
v0x55f67240bec0_0 .net *"_ivl_2", 0 0, L_0x55f672413b20;  1 drivers
v0x55f67240bf80_0 .net *"_ivl_20", 0 0, L_0x55f672424170;  1 drivers
L_0x7f7522fd63c0 .functor BUFT 1, C4<00000000000000000000000000000000>, C4<0>, C4<0>, C4<0>;
v0x55f67240c040_0 .net/2u *"_ivl_22", 31 0, L_0x7f7522fd63c0;  1 drivers
v0x55f67240c120_0 .net *"_ivl_24", 31 0, L_0x55f6724242a0;  1 drivers
v0x55f67240c200_0 .net *"_ivl_26", 6 0, L_0x55f672424340;  1 drivers
L_0x7f7522fd6408 .functor BUFT 1, C4<00>, C4<0>, C4<0>, C4<0>;
v0x55f67240c2e0_0 .net *"_ivl_29", 1 0, L_0x7f7522fd6408;  1 drivers
L_0x7f7522fd6450 .functor BUFT 1, C4<0000001>, C4<0>, C4<0>, C4<0>;
v0x55f67240c3c0_0 .net/2u *"_ivl_30", 6 0, L_0x7f7522fd6450;  1 drivers
v0x55f67240c4a0_0 .net *"_ivl_32", 6 0, L_0x55f6724244d0;  1 drivers
L_0x7f7522fd62a0 .functor BUFT 1, C4<00000000000000000000000000000000>, C4<0>, C4<0>, C4<0>;
v0x55f67240c580_0 .net/2u *"_ivl_4", 31 0, L_0x7f7522fd62a0;  1 drivers
v0x55f67240c660_0 .net *"_ivl_6", 31 0, L_0x55f672423c00;  1 drivers
v0x55f67240c740_0 .net *"_ivl_8", 6 0, L_0x55f672423d00;  1 drivers
v0x55f67240c820_0 .net "clk", 0 0, v0x55f672412a70_0;  alias, 1 drivers
v0x55f67240c8c0_0 .var/i "i", 31 0;
v0x55f67240c980 .array "registers", 1 31, 31 0;
L_0x55f672413b20 .cmp/eq 5, L_0x55f672424800, L_0x7f7522fd6258;
L_0x55f672423c00 .array/port v0x55f67240c980, L_0x55f672423e20;
L_0x55f672423d00 .concat [ 5 2 0 0], L_0x55f672424800, L_0x7f7522fd62e8;
L_0x55f672423e20 .arith/sub 7, L_0x55f672423d00, L_0x7f7522fd6330;
L_0x55f672423fe0 .functor MUXZ 32, L_0x55f672423c00, L_0x7f7522fd62a0, L_0x55f672413b20, C4<>;
L_0x55f672424170 .cmp/eq 5, L_0x55f6724248a0, L_0x7f7522fd6378;
L_0x55f6724242a0 .array/port v0x55f67240c980, L_0x55f6724244d0;
L_0x55f672424340 .concat [ 5 2 0 0], L_0x55f6724248a0, L_0x7f7522fd6408;
L_0x55f6724244d0 .arith/sub 7, L_0x55f672424340, L_0x7f7522fd6450;
L_0x55f672424660 .functor MUXZ 32, L_0x55f6724242a0, L_0x7f7522fd63c0, L_0x55f672424170, C4<>;
S_0x55f67240cb40 .scope module, "ula0" "alu" 5 217, 5 4 0, S_0x55f67236b2e0;
 .timescale -9 -12;
    .port_info 0 /INPUT 4 "ALUctl";
    .port_info 1 /INPUT 32 "A";
    .port_info 2 /INPUT 32 "B";
    .port_info 3 /OUTPUT 32 "ALUout";
    .port_info 4 /OUTPUT 1 "zero";
P_0x55f67240cd20 .param/l "W" 0 5 6, +C4<00000000000000000000000000100000>;
L_0x55f6723bab80 .functor AND 32, L_0x55f672423fe0, L_0x55f672424a20, C4<11111111111111111111111111111111>, C4<11111111111111111111111111111111>;
L_0x55f6723a74c0 .functor OR 32, L_0x55f672423fe0, L_0x55f672424a20, C4<00000000000000000000000000000000>, C4<00000000000000000000000000000000>;
L_0x55f6723edff0 .functor XOR 32, L_0x55f672423fe0, L_0x55f672424a20, C4<00000000000000000000000000000000>, C4<00000000000000000000000000000000>;
v0x55f67240cdc0_0 .net "A", 31 0, L_0x55f672423fe0;  alias, 1 drivers
v0x55f67240ced0_0 .net "ALUctl", 3 0, L_0x55f67242c560;  alias, 1 drivers
v0x55f67240cfa0_0 .net "ALUout", 31 0, L_0x55f6724285b0;  alias, 1 drivers
v0x55f67240d0a0_0 .net "B", 31 0, L_0x55f672424a20;  alias, 1 drivers
L_0x7f7522fd6498 .functor BUFT 1, C4<0000>, C4<0>, C4<0>, C4<0>;
v0x55f67240d140_0 .net/2u *"_ivl_0", 3 0, L_0x7f7522fd6498;  1 drivers
v0x55f67240d270_0 .net *"_ivl_10", 31 0, L_0x55f6723a74c0;  1 drivers
L_0x7f7522fd6528 .functor BUFT 1, C4<0010>, C4<0>, C4<0>, C4<0>;
v0x55f67240d350_0 .net/2u *"_ivl_12", 3 0, L_0x7f7522fd6528;  1 drivers
v0x55f67240d430_0 .net *"_ivl_14", 0 0, L_0x55f672424e50;  1 drivers
v0x55f67240d4f0_0 .net *"_ivl_16", 31 0, L_0x55f672424ef0;  1 drivers
L_0x7f7522fd6570 .functor BUFT 1, C4<0011>, C4<0>, C4<0>, C4<0>;
v0x55f67240d5d0_0 .net/2u *"_ivl_18", 3 0, L_0x7f7522fd6570;  1 drivers
v0x55f67240d6b0_0 .net *"_ivl_2", 0 0, L_0x55f672424bf0;  1 drivers
v0x55f67240d770_0 .net *"_ivl_20", 0 0, L_0x55f672424f90;  1 drivers
v0x55f67240d830_0 .net *"_ivl_22", 31 0, L_0x55f672425080;  1 drivers
L_0x7f7522fd65b8 .functor BUFT 1, C4<0100>, C4<0>, C4<0>, C4<0>;
v0x55f67240d910_0 .net/2u *"_ivl_24", 3 0, L_0x7f7522fd65b8;  1 drivers
v0x55f67240d9f0_0 .net *"_ivl_26", 0 0, L_0x55f672425160;  1 drivers
v0x55f67240dab0_0 .net *"_ivl_28", 0 0, L_0x55f672425390;  1 drivers
v0x55f67240db70_0 .net *"_ivl_30", 31 0, L_0x55f672425590;  1 drivers
L_0x7f7522fd6600 .functor BUFT 1, C4<0101>, C4<0>, C4<0>, C4<0>;
v0x55f67240dc50_0 .net/2u *"_ivl_32", 3 0, L_0x7f7522fd6600;  1 drivers
v0x55f67240dd30_0 .net *"_ivl_34", 0 0, L_0x55f672425ef0;  1 drivers
v0x55f67240ddf0_0 .net *"_ivl_36", 0 0, L_0x55f672426020;  1 drivers
v0x55f67240deb0_0 .net *"_ivl_38", 31 0, L_0x55f6724260c0;  1 drivers
v0x55f67240df90_0 .net *"_ivl_4", 31 0, L_0x55f6723bab80;  1 drivers
L_0x7f7522fd6648 .functor BUFT 1, C4<0110>, C4<0>, C4<0>, C4<0>;
v0x55f67240e070_0 .net/2u *"_ivl_40", 3 0, L_0x7f7522fd6648;  1 drivers
v0x55f67240e150_0 .net *"_ivl_42", 0 0, L_0x55f672426830;  1 drivers
v0x55f67240e210_0 .net *"_ivl_44", 31 0, L_0x55f6723edff0;  1 drivers
L_0x7f7522fd6690 .functor BUFT 1, C4<0111>, C4<0>, C4<0>, C4<0>;
v0x55f67240e2f0_0 .net/2u *"_ivl_46", 3 0, L_0x7f7522fd6690;  1 drivers
v0x55f67240e3d0_0 .net *"_ivl_48", 0 0, L_0x55f672426930;  1 drivers
v0x55f67240e490_0 .net *"_ivl_51", 4 0, L_0x55f672426ad0;  1 drivers
v0x55f67240e570_0 .net *"_ivl_52", 31 0, L_0x55f672426b70;  1 drivers
L_0x7f7522fd66d8 .functor BUFT 1, C4<1000>, C4<0>, C4<0>, C4<0>;
v0x55f67240e650_0 .net/2u *"_ivl_54", 3 0, L_0x7f7522fd66d8;  1 drivers
v0x55f67240e730_0 .net *"_ivl_56", 0 0, L_0x55f672426d20;  1 drivers
v0x55f67240e7f0_0 .net *"_ivl_59", 4 0, L_0x55f672426e40;  1 drivers
L_0x7f7522fd64e0 .functor BUFT 1, C4<0001>, C4<0>, C4<0>, C4<0>;
v0x55f67240e8d0_0 .net/2u *"_ivl_6", 3 0, L_0x7f7522fd64e0;  1 drivers
v0x55f67240e9b0_0 .net *"_ivl_60", 31 0, L_0x55f672426f80;  1 drivers
L_0x7f7522fd6720 .functor BUFT 1, C4<1001>, C4<0>, C4<0>, C4<0>;
v0x55f67240ea90_0 .net/2u *"_ivl_62", 3 0, L_0x7f7522fd6720;  1 drivers
v0x55f67240eb70_0 .net *"_ivl_64", 0 0, L_0x55f6724270a0;  1 drivers
v0x55f67240ec30_0 .net *"_ivl_67", 4 0, L_0x55f672426ee0;  1 drivers
v0x55f67240ed10_0 .net *"_ivl_68", 31 0, L_0x55f672427270;  1 drivers
v0x55f67240edf0_0 .net *"_ivl_70", 31 0, L_0x55f672427450;  1 drivers
v0x55f67240eed0_0 .net *"_ivl_72", 31 0, L_0x55f672427590;  1 drivers
v0x55f67240efb0_0 .net *"_ivl_74", 31 0, L_0x55f6724277f0;  1 drivers
v0x55f67240f090_0 .net *"_ivl_76", 31 0, L_0x55f672427980;  1 drivers
v0x55f67240f170_0 .net *"_ivl_78", 31 0, L_0x55f672427bf0;  1 drivers
v0x55f67240f250_0 .net *"_ivl_8", 0 0, L_0x55f672424d20;  1 drivers
v0x55f67240f310_0 .net *"_ivl_80", 31 0, L_0x55f672427d80;  1 drivers
v0x55f67240f3f0_0 .net *"_ivl_82", 31 0, L_0x55f672428000;  1 drivers
v0x55f67240f4d0_0 .net *"_ivl_84", 31 0, L_0x55f672428190;  1 drivers
v0x55f67240f5b0_0 .net *"_ivl_86", 31 0, L_0x55f672428420;  1 drivers
L_0x7f7522fd6768 .functor BUFT 1, C4<00000000000000000000000000000000>, C4<0>, C4<0>, C4<0>;
v0x55f67240f690_0 .net/2u *"_ivl_90", 31 0, L_0x7f7522fd6768;  1 drivers
v0x55f67240f770_0 .net *"_ivl_92", 0 0, L_0x55f672428850;  1 drivers
L_0x7f7522fd67b0 .functor BUFT 1, C4<1>, C4<0>, C4<0>, C4<0>;
v0x55f67240f830_0 .net/2u *"_ivl_94", 0 0, L_0x7f7522fd67b0;  1 drivers
L_0x7f7522fd67f8 .functor BUFT 1, C4<0>, C4<0>, C4<0>, C4<0>;
v0x55f67240f910_0 .net/2u *"_ivl_96", 0 0, L_0x7f7522fd67f8;  1 drivers
v0x55f67240f9f0_0 .net "zero", 0 0, L_0x55f6724288f0;  alias, 1 drivers
L_0x55f672424bf0 .cmp/eq 4, L_0x55f67242c560, L_0x7f7522fd6498;
L_0x55f672424d20 .cmp/eq 4, L_0x55f67242c560, L_0x7f7522fd64e0;
L_0x55f672424e50 .cmp/eq 4, L_0x55f67242c560, L_0x7f7522fd6528;
L_0x55f672424ef0 .arith/sum 32, L_0x55f672423fe0, L_0x55f672424a20;
L_0x55f672424f90 .cmp/eq 4, L_0x55f67242c560, L_0x7f7522fd6570;
L_0x55f672425080 .arith/sub 32, L_0x55f672423fe0, L_0x55f672424a20;
L_0x55f672425160 .cmp/eq 4, L_0x55f67242c560, L_0x7f7522fd65b8;
L_0x55f672425390 .cmp/gt 32, L_0x55f672424a20, L_0x55f672423fe0;
LS_0x55f672425590_0_0 .concat [ 1 1 1 1], L_0x55f672425390, L_0x55f672425390, L_0x55f672425390, L_0x55f672425390;
LS_0x55f672425590_0_4 .concat [ 1 1 1 1], L_0x55f672425390, L_0x55f672425390, L_0x55f672425390, L_0x55f672425390;
LS_0x55f672425590_0_8 .concat [ 1 1 1 1], L_0x55f672425390, L_0x55f672425390, L_0x55f672425390, L_0x55f672425390;
LS_0x55f672425590_0_12 .concat [ 1 1 1 1], L_0x55f672425390, L_0x55f672425390, L_0x55f672425390, L_0x55f672425390;
LS_0x55f672425590_0_16 .concat [ 1 1 1 1], L_0x55f672425390, L_0x55f672425390, L_0x55f672425390, L_0x55f672425390;
LS_0x55f672425590_0_20 .concat [ 1 1 1 1], L_0x55f672425390, L_0x55f672425390, L_0x55f672425390, L_0x55f672425390;
LS_0x55f672425590_0_24 .concat [ 1 1 1 1], L_0x55f672425390, L_0x55f672425390, L_0x55f672425390, L_0x55f672425390;
LS_0x55f672425590_0_28 .concat [ 1 1 1 1], L_0x55f672425390, L_0x55f672425390, L_0x55f672425390, L_0x55f672425390;
LS_0x55f672425590_1_0 .concat [ 4 4 4 4], LS_0x55f672425590_0_0, LS_0x55f672425590_0_4, LS_0x55f672425590_0_8, LS_0x55f672425590_0_12;
LS_0x55f672425590_1_4 .concat [ 4 4 4 4], LS_0x55f672425590_0_16, LS_0x55f672425590_0_20, LS_0x55f672425590_0_24, LS_0x55f672425590_0_28;
L_0x55f672425590 .concat [ 16 16 0 0], LS_0x55f672425590_1_0, LS_0x55f672425590_1_4;
L_0x55f672425ef0 .cmp/eq 4, L_0x55f67242c560, L_0x7f7522fd6600;
L_0x55f672426020 .cmp/gt.s 32, L_0x55f672424a20, L_0x55f672423fe0;
LS_0x55f6724260c0_0_0 .concat [ 1 1 1 1], L_0x55f672426020, L_0x55f672426020, L_0x55f672426020, L_0x55f672426020;
LS_0x55f6724260c0_0_4 .concat [ 1 1 1 1], L_0x55f672426020, L_0x55f672426020, L_0x55f672426020, L_0x55f672426020;
LS_0x55f6724260c0_0_8 .concat [ 1 1 1 1], L_0x55f672426020, L_0x55f672426020, L_0x55f672426020, L_0x55f672426020;
LS_0x55f6724260c0_0_12 .concat [ 1 1 1 1], L_0x55f672426020, L_0x55f672426020, L_0x55f672426020, L_0x55f672426020;
LS_0x55f6724260c0_0_16 .concat [ 1 1 1 1], L_0x55f672426020, L_0x55f672426020, L_0x55f672426020, L_0x55f672426020;
LS_0x55f6724260c0_0_20 .concat [ 1 1 1 1], L_0x55f672426020, L_0x55f672426020, L_0x55f672426020, L_0x55f672426020;
LS_0x55f6724260c0_0_24 .concat [ 1 1 1 1], L_0x55f672426020, L_0x55f672426020, L_0x55f672426020, L_0x55f672426020;
LS_0x55f6724260c0_0_28 .concat [ 1 1 1 1], L_0x55f672426020, L_0x55f672426020, L_0x55f672426020, L_0x55f672426020;
LS_0x55f6724260c0_1_0 .concat [ 4 4 4 4], LS_0x55f6724260c0_0_0, LS_0x55f6724260c0_0_4, LS_0x55f6724260c0_0_8, LS_0x55f6724260c0_0_12;
LS_0x55f6724260c0_1_4 .concat [ 4 4 4 4], LS_0x55f6724260c0_0_16, LS_0x55f6724260c0_0_20, LS_0x55f6724260c0_0_24, LS_0x55f6724260c0_0_28;
L_0x55f6724260c0 .concat [ 16 16 0 0], LS_0x55f6724260c0_1_0, LS_0x55f6724260c0_1_4;
L_0x55f672426830 .cmp/eq 4, L_0x55f67242c560, L_0x7f7522fd6648;
L_0x55f672426930 .cmp/eq 4, L_0x55f67242c560, L_0x7f7522fd6690;
L_0x55f672426ad0 .part L_0x55f672424a20, 0, 5;
L_0x55f672426b70 .shift/l 32, L_0x55f672423fe0, L_0x55f672426ad0;
L_0x55f672426d20 .cmp/eq 4, L_0x55f67242c560, L_0x7f7522fd66d8;
L_0x55f672426e40 .part L_0x55f672424a20, 0, 5;
L_0x55f672426f80 .shift/r 32, L_0x55f672423fe0, L_0x55f672426e40;
L_0x55f6724270a0 .cmp/eq 4, L_0x55f67242c560, L_0x7f7522fd6720;
L_0x55f672426ee0 .part L_0x55f672424a20, 0, 5;
L_0x55f672427270 .shift/rs 32, L_0x55f672423fe0, L_0x55f672426ee0;
L_0x55f672427450 .functor MUXZ 32, L_0x55f672423fe0, L_0x55f672427270, L_0x55f6724270a0, C4<>;
L_0x55f672427590 .functor MUXZ 32, L_0x55f672427450, L_0x55f672426f80, L_0x55f672426d20, C4<>;
L_0x55f6724277f0 .functor MUXZ 32, L_0x55f672427590, L_0x55f672426b70, L_0x55f672426930, C4<>;
L_0x55f672427980 .functor MUXZ 32, L_0x55f6724277f0, L_0x55f6723edff0, L_0x55f672426830, C4<>;
L_0x55f672427bf0 .functor MUXZ 32, L_0x55f672427980, L_0x55f6724260c0, L_0x55f672425ef0, C4<>;
L_0x55f672427d80 .functor MUXZ 32, L_0x55f672427bf0, L_0x55f672425590, L_0x55f672425160, C4<>;
L_0x55f672428000 .functor MUXZ 32, L_0x55f672427d80, L_0x55f672425080, L_0x55f672424f90, C4<>;
L_0x55f672428190 .functor MUXZ 32, L_0x55f672428000, L_0x55f672424ef0, L_0x55f672424e50, C4<>;
L_0x55f672428420 .functor MUXZ 32, L_0x55f672428190, L_0x55f6723a74c0, L_0x55f672424d20, C4<>;
L_0x55f6724285b0 .functor MUXZ 32, L_0x55f672428420, L_0x55f6723bab80, L_0x55f672424bf0, C4<>;
L_0x55f672428850 .cmp/eq 32, L_0x55f6724285b0, L_0x7f7522fd6768;
L_0x55f6724288f0 .functor MUXZ 1, L_0x7f7522fd67f8, L_0x7f7522fd67b0, L_0x55f672428850, C4<>;
    .scope S_0x55f6723e3190;
T_0 ;
    %pushi/vec4 0, 0, 32;
    %store/vec4 v0x55f67240ad90_0, 0, 32;
T_0.0 ;
    %load/vec4 v0x55f67240ad90_0;
    %cmpi/s 1024, 0, 32;
    %jmp/0xz T_0.1, 5;
    %pushi/vec4 0, 0, 8;
    %ix/getv/s 4, v0x55f67240ad90_0;
    %store/vec4a v0x55f67240acd0, 4, 0;
    %load/vec4 v0x55f67240ad90_0;
    %addi 1, 0, 32;
    %store/vec4 v0x55f67240ad90_0, 0, 32;
    %jmp T_0.0;
T_0.1 ;
    %vpi_call 5 90 "$readmemh", P_0x55f672409760, v0x55f67240acd0 {0 0 0};
    %end;
    .thread T_0;
    .scope S_0x55f6723e3190;
T_1 ;
    %wait E_0x55f67240a7d0;
    %load/vec4 v0x55f67240a910_0;
    %cmpi/e 1, 0, 1;
    %jmp/0xz  T_1.0, 4;
    %load/vec4 v0x55f67240b000_0;
    %muli 4, 0, 32;
    %ix/vec4 4;
    %load/vec4a v0x55f67240acd0, 4;
    %load/vec4 v0x55f67240b000_0;
    %muli 4, 0, 32;
    %addi 1, 0, 32;
    %ix/vec4 4;
    %load/vec4a v0x55f67240acd0, 4;
    %concat/vec4; draw_concat_vec4
    %load/vec4 v0x55f67240b000_0;
    %muli 4, 0, 32;
    %addi 2, 0, 32;
    %ix/vec4 4;
    %load/vec4a v0x55f67240acd0, 4;
    %concat/vec4; draw_concat_vec4
    %load/vec4 v0x55f67240b000_0;
    %muli 4, 0, 32;
    %addi 3, 0, 32;
    %ix/vec4 4;
    %load/vec4a v0x55f67240acd0, 4;
    %concat/vec4; draw_concat_vec4
    %store/vec4 v0x55f67240ae70_0, 0, 32;
    %jmp T_1.1;
T_1.0 ;
    %pushi/vec4 0, 4294967295, 32;
    %store/vec4 v0x55f67240ae70_0, 0, 32;
T_1.1 ;
    %jmp T_1;
    .thread T_1, $push;
    .scope S_0x55f6723e2e50;
T_2 ;
    %wait E_0x55f6723ed6c0;
    %load/vec4 v0x55f67240a470_0;
    %dup/vec4;
    %pushi/vec4 103, 0, 7;
    %cmp/u;
    %jmp/1 T_2.0, 6;
    %dup/vec4;
    %pushi/vec4 19, 0, 7;
    %cmp/u;
    %jmp/1 T_2.1, 6;
    %dup/vec4;
    %pushi/vec4 99, 0, 7;
    %cmp/u;
    %jmp/1 T_2.2, 6;
    %dup/vec4;
    %pushi/vec4 111, 0, 7;
    %cmp/u;
    %jmp/1 T_2.3, 6;
    %dup/vec4;
    %pushi/vec4 55, 0, 7;
    %cmp/u;
    %jmp/1 T_2.4, 6;
    %pushi/vec4 0, 0, 32;
    %store/vec4 v0x55f67240a290_0, 0, 32;
    %jmp T_2.6;
T_2.0 ;
    %load/vec4 v0x55f67240a390_0;
    %parti/s 1, 31, 6;
    %replicate 20;
    %load/vec4 v0x55f67240a390_0;
    %parti/s 12, 20, 6;
    %concat/vec4; draw_concat_vec4
    %store/vec4 v0x55f67240a290_0, 0, 32;
    %jmp T_2.6;
T_2.1 ;
    %load/vec4 v0x55f67240a390_0;
    %parti/s 1, 31, 6;
    %replicate 20;
    %load/vec4 v0x55f67240a390_0;
    %parti/s 12, 20, 6;
    %concat/vec4; draw_concat_vec4
    %store/vec4 v0x55f67240a290_0, 0, 32;
    %jmp T_2.6;
T_2.2 ;
    %load/vec4 v0x55f67240a390_0;
    %parti/s 1, 31, 6;
    %replicate 19;
    %load/vec4 v0x55f67240a390_0;
    %parti/s 1, 31, 6;
    %concat/vec4; draw_concat_vec4
    %load/vec4 v0x55f67240a390_0;
    %parti/s 1, 7, 4;
    %concat/vec4; draw_concat_vec4
    %load/vec4 v0x55f67240a390_0;
    %parti/s 6, 25, 6;
    %concat/vec4; draw_concat_vec4
    %load/vec4 v0x55f67240a390_0;
    %parti/s 4, 8, 5;
    %concat/vec4; draw_concat_vec4
    %concati/vec4 0, 0, 1;
    %store/vec4 v0x55f67240a290_0, 0, 32;
    %jmp T_2.6;
T_2.3 ;
    %load/vec4 v0x55f67240a390_0;
    %parti/s 1, 31, 6;
    %replicate 11;
    %load/vec4 v0x55f67240a390_0;
    %parti/s 1, 31, 6;
    %concat/vec4; draw_concat_vec4
    %load/vec4 v0x55f67240a390_0;
    %parti/s 8, 12, 5;
    %concat/vec4; draw_concat_vec4
    %load/vec4 v0x55f67240a390_0;
    %parti/s 1, 20, 6;
    %concat/vec4; draw_concat_vec4
    %load/vec4 v0x55f67240a390_0;
    %parti/s 10, 21, 6;
    %concat/vec4; draw_concat_vec4
    %concati/vec4 0, 0, 1;
    %store/vec4 v0x55f67240a290_0, 0, 32;
    %jmp T_2.6;
T_2.4 ;
    %load/vec4 v0x55f67240a390_0;
    %parti/s 20, 12, 5;
    %concati/vec4 0, 0, 12;
    %store/vec4 v0x55f67240a290_0, 0, 32;
    %jmp T_2.6;
T_2.6 ;
    %pop/vec4 1;
    %jmp T_2;
    .thread T_2, $push;
    .scope S_0x55f6723e23d0;
T_3 ;
    %pushi/vec4 1, 0, 32;
    %store/vec4 v0x55f67240c8c0_0, 0, 32;
T_3.0 ;
    %load/vec4 v0x55f67240c8c0_0;
    %cmpi/s 32, 0, 32;
    %jmp/0xz T_3.1, 5;
    %pushi/vec4 0, 0, 32;
    %load/vec4 v0x55f67240c8c0_0;
    %subi 1, 0, 32;
    %ix/vec4/s 4;
    %store/vec4a v0x55f67240c980, 4, 0;
    %load/vec4 v0x55f67240c8c0_0;
    %addi 1, 0, 32;
    %store/vec4 v0x55f67240c8c0_0, 0, 32;
    %jmp T_3.0;
T_3.1 ;
    %end;
    .thread T_3;
    .scope S_0x55f6723e23d0;
T_4 ;
    %wait E_0x55f6723ed740;
    %load/vec4 v0x55f67240b760_0;
    %load/vec4 v0x55f67240b980_0;
    %pad/u 32;
    %pushi/vec4 0, 0, 32;
    %cmp/ne;
    %flag_get/vec4 4;
    %and;
    %flag_set/vec4 8;
    %jmp/0xz  T_4.0, 8;
    %load/vec4 v0x55f67240b8a0_0;
    %load/vec4 v0x55f67240b980_0;
    %pad/u 7;
    %subi 1, 0, 7;
    %ix/vec4 3;
    %ix/load 4, 0, 0; Constant delay
    %assign/vec4/a/d v0x55f67240c980, 0, 4;
T_4.0 ;
    %jmp T_4;
    .thread T_4;
    .scope S_0x55f6723e2ad0;
T_5 ;
    %wait E_0x55f6723ed740;
    %load/vec4 v0x55f67240a090_0;
    %flag_set/vec4 8;
    %jmp/0xz  T_5.0, 8;
    %load/vec4 v0x55f672409d40_0;
    %ix/getv 3, v0x55f672409b80_0;
    %ix/load 4, 0, 0; Constant delay
    %assign/vec4/a/d v0x55f672409ee0, 0, 4;
T_5.0 ;
    %load/vec4 v0x55f672409ff0_0;
    %flag_set/vec4 8;
    %jmp/0xz  T_5.2, 8;
    %ix/getv 4, v0x55f672409b80_0;
    %load/vec4a v0x55f672409ee0, 4;
    %assign/vec4 v0x55f672409e00_0, 0;
T_5.2 ;
    %jmp T_5;
    .thread T_5;
    .scope S_0x55f67236b2e0;
T_6 ;
    %wait E_0x55f672398f30;
    %load/vec4 v0x55f6724118f0_0;
    %flag_set/vec4 8;
    %jmp/0xz  T_6.0, 8;
    %pushi/vec4 0, 0, 32;
    %assign/vec4 v0x55f672411320_0, 0;
    %jmp T_6.1;
T_6.0 ;
    %load/vec4 v0x55f6724113c0_0;
    %pad/u 32;
    %cmpi/e 1, 0, 32;
    %jmp/1 T_6.4, 4;
    %flag_mov 8, 4;
    %load/vec4 v0x55f6724113c0_0;
    %pad/u 32;
    %cmpi/e 2, 0, 32;
    %flag_or 4, 8;
T_6.4;
    %jmp/0xz  T_6.2, 4;
    %load/vec4 v0x55f672411320_0;
    %load/vec4 v0x55f672410cd0_0;
    %add;
    %assign/vec4 v0x55f672411320_0, 0;
    %jmp T_6.3;
T_6.2 ;
    %load/vec4 v0x55f6724113c0_0;
    %pad/u 32;
    %cmpi/e 3, 0, 32;
    %jmp/0xz  T_6.5, 4;
    %load/vec4 v0x55f672411460_0;
    %load/vec4 v0x55f672410cd0_0;
    %add;
    %pushi/vec4 4294967294, 0, 32;
    %and;
    %assign/vec4 v0x55f672411320_0, 0;
    %jmp T_6.6;
T_6.5 ;
    %load/vec4 v0x55f672411320_0;
    %addi 4, 0, 32;
    %assign/vec4 v0x55f672411320_0, 0;
T_6.6 ;
T_6.3 ;
T_6.1 ;
    %jmp T_6;
    .thread T_6;
    .scope S_0x55f6723e2750;
T_7 ;
    %pushi/vec4 0, 0, 1;
    %store/vec4 v0x55f672412a70_0, 0, 1;
T_7.0 ;
    %delay 5000, 0;
    %load/vec4 v0x55f672412a70_0;
    %inv;
    %store/vec4 v0x55f672412a70_0, 0, 1;
    %jmp T_7.0;
    %end;
    .thread T_7;
    .scope S_0x55f6723e2750;
T_8 ;
    %vpi_call 2 35 "$display", "Starting RISC-V Processor Test" {0 0 0};
    %vpi_call 2 36 "$display", "================================" {0 0 0};
    %pushi/vec4 1, 0, 1;
    %store/vec4 v0x55f672412fe0_0, 0, 1;
    %delay 10000, 0;
    %pushi/vec4 0, 0, 1;
    %store/vec4 v0x55f672412fe0_0, 0, 1;
    %delay 500000, 0;
    %vpi_call 2 47 "$display", "Test Complete - Check register values in waveform viewer" {0 0 0};
    %vpi_call 2 50 "$display", "Test Complete - Verificando os resultados esperados:" {0 0 0};
    %vpi_call 2 51 "$display", "x1 (Valor esperado 10): %h", &A<v0x55f67240c980, 0> {0 0 0};
    %vpi_call 2 52 "$display", "x2 (Valor esperado 5): %h", &A<v0x55f67240c980, 1> {0 0 0};
    %vpi_call 2 53 "$display", "x3 (Valor esperado -5 / 0xFFFFFFFB): %h", &A<v0x55f67240c980, 2> {0 0 0};
    %vpi_call 2 54 "$display", "x4 (Valor esperado 0xF0): %h", &A<v0x55f67240c980, 3> {0 0 0};
    %vpi_call 2 55 "$display", "x5 (ADD: Valor esperado 15): %h", &A<v0x55f67240c980, 4> {0 0 0};
    %vpi_call 2 56 "$display", "x6 (SUB: Valor esperado 5): %h", &A<v0x55f67240c980, 5> {0 0 0};
    %vpi_call 2 57 "$display", "x7 (AND: Valor esperado 0): %h", &A<v0x55f67240c980, 6> {0 0 0};
    %vpi_call 2 58 "$display", "x8 (OR: Valor esperado 0xFA): %h", &A<v0x55f67240c980, 7> {0 0 0};
    %vpi_call 2 59 "$display", "x9 (XOR: Valor esperado 0xFA): %h", &A<v0x55f67240c980, 8> {0 0 0};
    %vpi_call 2 60 "$display", "x10 (SLL: Valor esperado 40): %d", &A<v0x55f67240c980, 9> {0 0 0};
    %vpi_call 2 61 "$display", "x11 (SRL: Valor esperado 0xF): %h", &A<v0x55f67240c980, 10> {0 0 0};
    %vpi_call 2 62 "$display", "x12 (SRA: Valor esperado -3): %b", &A<v0x55f67240c980, 11> {0 0 0};
    %vpi_call 2 63 "$display", "x13 (SLT: Valor esperado 1): %b", &A<v0x55f67240c980, 12> {0 0 0};
    %vpi_call 2 64 "$display", "x14 (SLTU: Valor esperado 0): %b", &A<v0x55f67240c980, 13> {0 0 0};
    %vpi_call 2 67 "$finish" {0 0 0};
    %end;
    .thread T_8;
    .scope S_0x55f6723e2750;
T_9 ;
    %wait E_0x55f6723ed740;
    %load/vec4 v0x55f672412fe0_0;
    %nor/r;
    %flag_set/vec4 8;
    %jmp/0xz  T_9.0, 8;
    %vpi_call 2 73 "$display", "Time: %0t, PC: %h, Instruction: %h", $time, v0x55f672412d40_0, v0x55f672412c60_0 {0 0 0};
    %vpi_call 2 74 "$display", "ALU Control: %b, ALU Out: %h, Zero: %b", v0x55f672412990_0, v0x55f6724128b0_0, v0x55f672413110_0 {0 0 0};
    %vpi_call 2 75 "$display", "Register values - RD1: %h, RD2: %h", &A<v0x55f67240c980, 0>, &A<v0x55f67240c980, 1> {0 0 0};
    %vpi_call 2 76 "$display", "--------------------------------------------------" {0 0 0};
T_9.0 ;
    %jmp T_9;
    .thread T_9;
    .scope S_0x55f6723e2750;
T_10 ;
    %vpi_call 2 82 "$dumpfile", "poliriscv_tb.vcd" {0 0 0};
    %vpi_call 2 83 "$dumpvars", 32'sb00000000000000000000000000000000, S_0x55f6723e2750 {0 0 0};
    %end;
    .thread T_10;
# The file index is used to find the file name in the following table.
:file_names 6;
    "N/A";
    "<interactive>";
    "poliriscv_sc_tb.v";
    "poliriscv_sc.v";
    "control_unint.v";
    "fluxo_dados.v";
