#! /c/Source/iverilog-install/bin/vvp
:ivl_version "12.0 (devel)" "(s20150603-1539-g2693dd32b)";
:ivl_delay_selection "TYPICAL";
:vpi_time_precision - 12;
:vpi_module "C:\iverilog\lib\ivl\system.vpi";
:vpi_module "C:\iverilog\lib\ivl\vhdl_sys.vpi";
:vpi_module "C:\iverilog\lib\ivl\vhdl_textio.vpi";
:vpi_module "C:\iverilog\lib\ivl\v2005_math.vpi";
:vpi_module "C:\iverilog\lib\ivl\va_math.vpi";
S_000002816b0ce680 .scope module, "poliriscv_tb" "poliriscv_tb" 2 3;
 .timescale -9 -12;
L_000002816b1976c0 .functor BUFZ 32, v000002816b1379e0_0, C4<00000000000000000000000000000000>, C4<00000000000000000000000000000000>, C4<00000000000000000000000000000000>;
L_000002816b197ff0 .functor BUFZ 32, v000002816b132a20_0, C4<00000000000000000000000000000000>, C4<00000000000000000000000000000000>, C4<00000000000000000000000000000000>;
L_000002816b1972d0 .functor BUFZ 32, L_000002816b194710, C4<00000000000000000000000000000000>, C4<00000000000000000000000000000000>, C4<00000000000000000000000000000000>;
L_000002816b197a40 .functor BUFZ 32, L_000002816b13a140, C4<00000000000000000000000000000000>, C4<00000000000000000000000000000000>, C4<00000000000000000000000000000000>;
L_000002816b197b20 .functor BUFZ 32, L_000002816b1392e0, C4<00000000000000000000000000000000>, C4<00000000000000000000000000000000>, C4<00000000000000000000000000000000>;
L_000002816b1980d0 .functor BUFZ 32, v000002816b133880_0, C4<00000000000000000000000000000000>, C4<00000000000000000000000000000000>, C4<00000000000000000000000000000000>;
L_000002816b197ce0 .functor BUFZ 1, L_000002816b193270, C4<0>, C4<0>, C4<0>;
L_000002816b1971f0 .functor BUFZ 4, L_000002816b19a970, C4<0000>, C4<0000>, C4<0000>;
v000002816b139600_0 .net "alu_out", 31 0, L_000002816b1972d0;  1 drivers
v000002816b139f60_0 .net "aluctl", 3 0, L_000002816b1971f0;  1 drivers
v000002816b139920_0 .var "clk", 0 0;
v000002816b13adc0_0 .net "imm", 31 0, L_000002816b1980d0;  1 drivers
v000002816b139ce0_0 .net "instruction", 31 0, L_000002816b197ff0;  1 drivers
v000002816b139e20_0 .net "pc", 31 0, L_000002816b1976c0;  1 drivers
v000002816b13a0a0_0 .net "rd1", 31 0, L_000002816b197a40;  1 drivers
v000002816b139560_0 .net "rd2", 31 0, L_000002816b197b20;  1 drivers
v000002816b139ec0_0 .var "rst", 0 0;
v000002816b139740_0 .net "zero", 0 0, L_000002816b197ce0;  1 drivers
S_000002816b0cb230 .scope module, "dut" "poliriscv_sc" 2 12, 3 1 0, S_000002816b0ce680;
 .timescale -9 -12;
    .port_info 0 /INPUT 1 "clk";
    .port_info 1 /INPUT 1 "rst";
P_000002816b096230 .param/str "IFILE" 0 3 4, "test_program.mem";
P_000002816b096268 .param/l "datawords" 0 3 3, +C4<00000000000000000000010000000000>;
P_000002816b0962a0 .param/l "instructions" 0 3 2, +C4<00000000000000000000000100000000>;
v000002816b137260_0 .net "aluctl", 3 0, L_000002816b19a970;  1 drivers
v000002816b13afa0_0 .net "alusrc", 0 0, L_000002816b197f10;  1 drivers
v000002816b13ad20_0 .net "branch_comb", 0 0, L_000002816b197340;  1 drivers
v000002816b13a000_0 .net "clk", 0 0, v000002816b139920_0;  1 drivers
v000002816b13ae60_0 .net "instruction", 31 0, v000002816b132a20_0;  1 drivers
v000002816b13a780_0 .net "is_jal", 0 0, L_000002816b195070;  1 drivers
v000002816b1391a0_0 .net "is_jalr", 0 0, L_000002816b1945d0;  1 drivers
v000002816b13a1e0_0 .net "is_lui", 0 0, L_000002816b194670;  1 drivers
L_000002816b13bb88 .functor BUFT 1, C4<0>, C4<0>, C4<0>, C4<0>;
v000002816b139d80_0 .net "mem2reg", 0 0, L_000002816b13bb88;  1 drivers
L_000002816b13bbd0 .functor BUFT 1, C4<0>, C4<0>, C4<0>, C4<0>;
v000002816b1396a0_0 .net "memwrite", 0 0, L_000002816b13bbd0;  1 drivers
v000002816b13a460_0 .net "pc", 31 0, v000002816b1379e0_0;  1 drivers
v000002816b13a6e0_0 .net "regwrite", 0 0, L_000002816b1973b0;  1 drivers
v000002816b1399c0_0 .net "rst", 0 0, v000002816b139ec0_0;  1 drivers
v000002816b139240_0 .net "zero_comb", 0 0, L_000002816b193270;  1 drivers
L_000002816b199930 .part v000002816b132a20_0, 0, 7;
L_000002816b199430 .part v000002816b132a20_0, 12, 3;
L_000002816b1982b0 .part v000002816b132a20_0, 25, 7;
S_000002816b0cb3c0 .scope module, "control_unit0" "control_unit" 3 48, 4 1 0, S_000002816b0cb230;
 .timescale -9 -12;
    .port_info 0 /INPUT 7 "opcode";
    .port_info 1 /INPUT 3 "funct3";
    .port_info 2 /INPUT 7 "funct7";
    .port_info 3 /INPUT 1 "zero";
    .port_info 4 /OUTPUT 1 "mem2reg";
    .port_info 5 /OUTPUT 1 "memwrite";
    .port_info 6 /OUTPUT 1 "alusrc";
    .port_info 7 /OUTPUT 1 "regwrite";
    .port_info 8 /OUTPUT 4 "aluctl";
    .port_info 9 /OUTPUT 1 "branch";
    .port_info 10 /OUTPUT 1 "is_lui";
    .port_info 11 /OUTPUT 1 "is_jal";
    .port_info 12 /OUTPUT 1 "is_jalr";
P_000002816b0d3140 .param/l "ADD" 1 4 25, C4<000>;
P_000002816b0d3178 .param/l "AND" 1 4 29, C4<111>;
P_000002816b0d31b0 .param/l "BRANCH" 1 4 19, C4<1100011>;
P_000002816b0d31e8 .param/l "I_TYPE" 1 4 18, C4<0010011>;
P_000002816b0d3220 .param/l "JAL" 1 4 21, C4<1101111>;
P_000002816b0d3258 .param/l "JALR" 1 4 22, C4<1100111>;
P_000002816b0d3290 .param/l "LUI" 1 4 23, C4<0110111>;
P_000002816b0d32c8 .param/l "OR" 1 4 28, C4<110>;
P_000002816b0d3300 .param/l "R_TYPE" 1 4 17, C4<0110011>;
P_000002816b0d3338 .param/l "SET_LTS" 1 4 33, C4<010>;
P_000002816b0d3370 .param/l "SET_LTU" 1 4 34, C4<011>;
P_000002816b0d33a8 .param/l "SHIFT_LL" 1 4 30, C4<001>;
P_000002816b0d33e0 .param/l "SHIFT_RA" 1 4 32, C4<101>;
P_000002816b0d3418 .param/l "SHIFT_RL" 1 4 31, C4<101>;
P_000002816b0d3450 .param/l "SUB" 1 4 26, C4<000>;
P_000002816b0d3488 .param/l "XOR" 1 4 27, C4<100>;
L_000002816b197340 .functor BUFZ 1, L_000002816b194530, C4<0>, C4<0>, C4<0>;
L_000002816b197ab0 .functor OR 1, L_000002816b193bd0, L_000002816b1945d0, C4<0>, C4<0>;
L_000002816b197f10 .functor OR 1, L_000002816b197ab0, L_000002816b194670, C4<0>, C4<0>;
L_000002816b197f80 .functor OR 1, L_000002816b193ef0, L_000002816b193bd0, C4<0>, C4<0>;
L_000002816b198060 .functor OR 1, L_000002816b197f80, L_000002816b195070, C4<0>, C4<0>;
L_000002816b197570 .functor OR 1, L_000002816b198060, L_000002816b1945d0, C4<0>, C4<0>;
L_000002816b1973b0 .functor OR 1, L_000002816b197570, L_000002816b194670, C4<0>, C4<0>;
L_000002816b197260 .functor AND 1, L_000002816b1947b0, L_000002816b194850, C4<1>, C4<1>;
L_000002816b197c70 .functor AND 1, L_000002816b1948f0, L_000002816b194990, C4<1>, C4<1>;
L_000002816b1978f0 .functor AND 1, L_000002816b194ad0, L_000002816b194b70, C4<1>, C4<1>;
L_000002816b197420 .functor AND 1, L_000002816b198fd0, L_000002816b19a150, C4<1>, C4<1>;
L_000002816b13b9d8 .functor BUFT 1, C4<0110011>, C4<0>, C4<0>, C4<0>;
v000002816b0bffc0_0 .net/2u *"_ivl_0", 6 0, L_000002816b13b9d8;  1 drivers
L_000002816b13bfc0 .functor BUFT 1, C4<0100000>, C4<0>, C4<0>, C4<0>;
v000002816b0c02e0_0 .net/2u *"_ivl_100", 6 0, L_000002816b13bfc0;  1 drivers
v000002816b0c0060_0 .net *"_ivl_102", 0 0, L_000002816b19a150;  1 drivers
L_000002816b13c008 .functor BUFT 1, C4<0000>, C4<0>, C4<0>, C4<0>;
v000002816b0c0100_0 .net/2u *"_ivl_106", 3 0, L_000002816b13c008;  1 drivers
L_000002816b13c050 .functor BUFT 1, C4<0001>, C4<0>, C4<0>, C4<0>;
v000002816b0be800_0 .net/2u *"_ivl_108", 3 0, L_000002816b13c050;  1 drivers
L_000002816b13c098 .functor BUFT 1, C4<0010>, C4<0>, C4<0>, C4<0>;
v000002816b0be6c0_0 .net/2u *"_ivl_110", 3 0, L_000002816b13c098;  1 drivers
L_000002816b13c0e0 .functor BUFT 1, C4<0011>, C4<0>, C4<0>, C4<0>;
v000002816b0bf700_0 .net/2u *"_ivl_112", 3 0, L_000002816b13c0e0;  1 drivers
L_000002816b13c128 .functor BUFT 1, C4<0100>, C4<0>, C4<0>, C4<0>;
v000002816b0bea80_0 .net/2u *"_ivl_114", 3 0, L_000002816b13c128;  1 drivers
L_000002816b13c170 .functor BUFT 1, C4<0101>, C4<0>, C4<0>, C4<0>;
v000002816b0bf840_0 .net/2u *"_ivl_116", 3 0, L_000002816b13c170;  1 drivers
L_000002816b13c1b8 .functor BUFT 1, C4<0110>, C4<0>, C4<0>, C4<0>;
v000002816b0c01a0_0 .net/2u *"_ivl_118", 3 0, L_000002816b13c1b8;  1 drivers
L_000002816b13bab0 .functor BUFT 1, C4<1101111>, C4<0>, C4<0>, C4<0>;
v000002816b0beb20_0 .net/2u *"_ivl_12", 6 0, L_000002816b13bab0;  1 drivers
L_000002816b13c200 .functor BUFT 1, C4<0111>, C4<0>, C4<0>, C4<0>;
v000002816b0a9060_0 .net/2u *"_ivl_120", 3 0, L_000002816b13c200;  1 drivers
L_000002816b13c248 .functor BUFT 1, C4<1000>, C4<0>, C4<0>, C4<0>;
v000002816b052840_0 .net/2u *"_ivl_122", 3 0, L_000002816b13c248;  1 drivers
L_000002816b13c290 .functor BUFT 1, C4<1001>, C4<0>, C4<0>, C4<0>;
v000002816b1319b0_0 .net/2u *"_ivl_124", 3 0, L_000002816b13c290;  1 drivers
v000002816b130470_0 .net *"_ivl_126", 3 0, L_000002816b19a830;  1 drivers
v000002816b131370_0 .net *"_ivl_128", 3 0, L_000002816b198710;  1 drivers
v000002816b131230_0 .net *"_ivl_130", 3 0, L_000002816b199070;  1 drivers
v000002816b131550_0 .net *"_ivl_132", 3 0, L_000002816b19a8d0;  1 drivers
v000002816b131410_0 .net *"_ivl_134", 3 0, L_000002816b1994d0;  1 drivers
v000002816b130c90_0 .net *"_ivl_136", 3 0, L_000002816b198210;  1 drivers
v000002816b131a50_0 .net *"_ivl_138", 3 0, L_000002816b1987b0;  1 drivers
v000002816b130e70_0 .net *"_ivl_140", 3 0, L_000002816b198b70;  1 drivers
L_000002816b13baf8 .functor BUFT 1, C4<1100111>, C4<0>, C4<0>, C4<0>;
v000002816b1314b0_0 .net/2u *"_ivl_16", 6 0, L_000002816b13baf8;  1 drivers
L_000002816b13bb40 .functor BUFT 1, C4<0110111>, C4<0>, C4<0>, C4<0>;
v000002816b131d70_0 .net/2u *"_ivl_20", 6 0, L_000002816b13bb40;  1 drivers
v000002816b131cd0_0 .net *"_ivl_30", 0 0, L_000002816b197ab0;  1 drivers
v000002816b130d30_0 .net *"_ivl_34", 0 0, L_000002816b197f80;  1 drivers
v000002816b130b50_0 .net *"_ivl_36", 0 0, L_000002816b198060;  1 drivers
v000002816b131730_0 .net *"_ivl_38", 0 0, L_000002816b197570;  1 drivers
L_000002816b13ba20 .functor BUFT 1, C4<0010011>, C4<0>, C4<0>, C4<0>;
v000002816b130970_0 .net/2u *"_ivl_4", 6 0, L_000002816b13ba20;  1 drivers
L_000002816b13bc18 .functor BUFT 1, C4<000>, C4<0>, C4<0>, C4<0>;
v000002816b130bf0_0 .net/2u *"_ivl_42", 2 0, L_000002816b13bc18;  1 drivers
v000002816b130dd0_0 .net *"_ivl_44", 0 0, L_000002816b1947b0;  1 drivers
L_000002816b13bc60 .functor BUFT 1, C4<0000000>, C4<0>, C4<0>, C4<0>;
v000002816b130510_0 .net/2u *"_ivl_46", 6 0, L_000002816b13bc60;  1 drivers
v000002816b1315f0_0 .net *"_ivl_48", 0 0, L_000002816b194850;  1 drivers
L_000002816b13bca8 .functor BUFT 1, C4<000>, C4<0>, C4<0>, C4<0>;
v000002816b131690_0 .net/2u *"_ivl_52", 2 0, L_000002816b13bca8;  1 drivers
v000002816b131b90_0 .net *"_ivl_54", 0 0, L_000002816b1948f0;  1 drivers
L_000002816b13bcf0 .functor BUFT 1, C4<0100000>, C4<0>, C4<0>, C4<0>;
v000002816b1317d0_0 .net/2u *"_ivl_56", 6 0, L_000002816b13bcf0;  1 drivers
v000002816b131870_0 .net *"_ivl_58", 0 0, L_000002816b194990;  1 drivers
L_000002816b13bd38 .functor BUFT 1, C4<100>, C4<0>, C4<0>, C4<0>;
v000002816b1305b0_0 .net/2u *"_ivl_62", 2 0, L_000002816b13bd38;  1 drivers
L_000002816b13bd80 .functor BUFT 1, C4<110>, C4<0>, C4<0>, C4<0>;
v000002816b130150_0 .net/2u *"_ivl_66", 2 0, L_000002816b13bd80;  1 drivers
L_000002816b13bdc8 .functor BUFT 1, C4<111>, C4<0>, C4<0>, C4<0>;
v000002816b131e10_0 .net/2u *"_ivl_70", 2 0, L_000002816b13bdc8;  1 drivers
L_000002816b13be10 .functor BUFT 1, C4<001>, C4<0>, C4<0>, C4<0>;
v000002816b130290_0 .net/2u *"_ivl_74", 2 0, L_000002816b13be10;  1 drivers
L_000002816b13be58 .functor BUFT 1, C4<101>, C4<0>, C4<0>, C4<0>;
v000002816b1306f0_0 .net/2u *"_ivl_78", 2 0, L_000002816b13be58;  1 drivers
L_000002816b13ba68 .functor BUFT 1, C4<1100011>, C4<0>, C4<0>, C4<0>;
v000002816b130790_0 .net/2u *"_ivl_8", 6 0, L_000002816b13ba68;  1 drivers
L_000002816b13bea0 .functor BUFT 1, C4<101>, C4<0>, C4<0>, C4<0>;
v000002816b131910_0 .net/2u *"_ivl_82", 2 0, L_000002816b13bea0;  1 drivers
L_000002816b13bee8 .functor BUFT 1, C4<010>, C4<0>, C4<0>, C4<0>;
v000002816b131af0_0 .net/2u *"_ivl_86", 2 0, L_000002816b13bee8;  1 drivers
v000002816b130fb0_0 .net *"_ivl_88", 0 0, L_000002816b194ad0;  1 drivers
L_000002816b13bf30 .functor BUFT 1, C4<0000000>, C4<0>, C4<0>, C4<0>;
v000002816b130f10_0 .net/2u *"_ivl_90", 6 0, L_000002816b13bf30;  1 drivers
v000002816b130330_0 .net *"_ivl_92", 0 0, L_000002816b194b70;  1 drivers
L_000002816b13bf78 .functor BUFT 1, C4<011>, C4<0>, C4<0>, C4<0>;
v000002816b131050_0 .net/2u *"_ivl_96", 2 0, L_000002816b13bf78;  1 drivers
v000002816b130830_0 .net *"_ivl_98", 0 0, L_000002816b198fd0;  1 drivers
v000002816b131c30_0 .net "aluctl", 3 0, L_000002816b19a970;  alias, 1 drivers
v000002816b131eb0_0 .net "alusrc", 0 0, L_000002816b197f10;  alias, 1 drivers
v000002816b131f50_0 .net "branch", 0 0, L_000002816b197340;  alias, 1 drivers
v000002816b1308d0_0 .net "funct3", 2 0, L_000002816b199430;  1 drivers
v000002816b130a10_0 .net "funct7", 6 0, L_000002816b1982b0;  1 drivers
v000002816b130ab0_0 .net "is_add", 0 0, L_000002816b197260;  1 drivers
v000002816b131ff0_0 .net "is_and", 0 0, L_000002816b1934f0;  1 drivers
v000002816b1301f0_0 .net "is_branch", 0 0, L_000002816b194530;  1 drivers
v000002816b1303d0_0 .net "is_itype", 0 0, L_000002816b193bd0;  1 drivers
v000002816b1310f0_0 .net "is_jal", 0 0, L_000002816b195070;  alias, 1 drivers
v000002816b131190_0 .net "is_jalr", 0 0, L_000002816b1945d0;  alias, 1 drivers
v000002816b130650_0 .net "is_lui", 0 0, L_000002816b194670;  alias, 1 drivers
v000002816b1312d0_0 .net "is_or", 0 0, L_000002816b194cb0;  1 drivers
v000002816b132ca0_0 .net "is_rtype", 0 0, L_000002816b193ef0;  1 drivers
v000002816b133ba0_0 .net "is_set_lts", 0 0, L_000002816b1978f0;  1 drivers
v000002816b133c40_0 .net "is_set_ltu", 0 0, L_000002816b197420;  1 drivers
v000002816b132340_0 .net "is_shift_ll", 0 0, L_000002816b193590;  1 drivers
v000002816b1336a0_0 .net "is_shift_ra", 0 0, L_000002816b194a30;  1 drivers
v000002816b133920_0 .net "is_shift_rl", 0 0, L_000002816b193810;  1 drivers
v000002816b133d80_0 .net "is_sub", 0 0, L_000002816b197c70;  1 drivers
v000002816b132840_0 .net "is_xor", 0 0, L_000002816b193450;  1 drivers
v000002816b133740_0 .net "mem2reg", 0 0, L_000002816b13bb88;  alias, 1 drivers
v000002816b1327a0_0 .net "memwrite", 0 0, L_000002816b13bbd0;  alias, 1 drivers
v000002816b132480_0 .net "opcode", 6 0, L_000002816b199930;  1 drivers
v000002816b133b00_0 .net "regwrite", 0 0, L_000002816b1973b0;  alias, 1 drivers
v000002816b133240_0 .net "zero", 0 0, L_000002816b193270;  alias, 1 drivers
L_000002816b193ef0 .cmp/eq 7, L_000002816b199930, L_000002816b13b9d8;
L_000002816b193bd0 .cmp/eq 7, L_000002816b199930, L_000002816b13ba20;
L_000002816b194530 .cmp/eq 7, L_000002816b199930, L_000002816b13ba68;
L_000002816b195070 .cmp/eq 7, L_000002816b199930, L_000002816b13bab0;
L_000002816b1945d0 .cmp/eq 7, L_000002816b199930, L_000002816b13baf8;
L_000002816b194670 .cmp/eq 7, L_000002816b199930, L_000002816b13bb40;
L_000002816b1947b0 .cmp/eq 3, L_000002816b199430, L_000002816b13bc18;
L_000002816b194850 .cmp/eq 7, L_000002816b1982b0, L_000002816b13bc60;
L_000002816b1948f0 .cmp/eq 3, L_000002816b199430, L_000002816b13bca8;
L_000002816b194990 .cmp/eq 7, L_000002816b1982b0, L_000002816b13bcf0;
L_000002816b193450 .cmp/eq 3, L_000002816b199430, L_000002816b13bd38;
L_000002816b194cb0 .cmp/eq 3, L_000002816b199430, L_000002816b13bd80;
L_000002816b1934f0 .cmp/eq 3, L_000002816b199430, L_000002816b13bdc8;
L_000002816b193590 .cmp/eq 3, L_000002816b199430, L_000002816b13be10;
L_000002816b193810 .cmp/eq 3, L_000002816b199430, L_000002816b13be58;
L_000002816b194a30 .cmp/eq 3, L_000002816b199430, L_000002816b13bea0;
L_000002816b194ad0 .cmp/eq 3, L_000002816b199430, L_000002816b13bee8;
L_000002816b194b70 .cmp/eq 7, L_000002816b1982b0, L_000002816b13bf30;
L_000002816b198fd0 .cmp/eq 3, L_000002816b199430, L_000002816b13bf78;
L_000002816b19a150 .cmp/eq 7, L_000002816b1982b0, L_000002816b13bfc0;
L_000002816b19a830 .functor MUXZ 4, L_000002816b13c290, L_000002816b13c248, L_000002816b193810, C4<>;
L_000002816b198710 .functor MUXZ 4, L_000002816b19a830, L_000002816b13c200, L_000002816b193590, C4<>;
L_000002816b199070 .functor MUXZ 4, L_000002816b198710, L_000002816b13c1b8, L_000002816b193450, C4<>;
L_000002816b19a8d0 .functor MUXZ 4, L_000002816b199070, L_000002816b13c170, L_000002816b1978f0, C4<>;
L_000002816b1994d0 .functor MUXZ 4, L_000002816b19a8d0, L_000002816b13c128, L_000002816b197420, C4<>;
L_000002816b198210 .functor MUXZ 4, L_000002816b1994d0, L_000002816b13c0e0, L_000002816b197c70, C4<>;
L_000002816b1987b0 .functor MUXZ 4, L_000002816b198210, L_000002816b13c098, L_000002816b197260, C4<>;
L_000002816b198b70 .functor MUXZ 4, L_000002816b1987b0, L_000002816b13c050, L_000002816b194cb0, C4<>;
L_000002816b19a970 .functor MUXZ 4, L_000002816b198b70, L_000002816b13c008, L_000002816b1934f0, C4<>;
S_000002816b05c360 .scope module, "datapath0" "datapath" 3 31, 5 149 0, S_000002816b0cb230;
 .timescale -9 -12;
    .port_info 0 /INPUT 1 "clk";
    .port_info 1 /INPUT 1 "rst";
    .port_info 2 /INPUT 1 "branch";
    .port_info 3 /INPUT 1 "is_lui";
    .port_info 4 /INPUT 1 "is_jal";
    .port_info 5 /INPUT 1 "is_jalr";
    .port_info 6 /INPUT 1 "mem2reg";
    .port_info 7 /INPUT 1 "memwrite";
    .port_info 8 /INPUT 1 "alusrc";
    .port_info 9 /INPUT 1 "regwrite";
    .port_info 10 /INPUT 4 "aluctl";
    .port_info 11 /OUTPUT 1 "zero";
    .port_info 12 /OUTPUT 32 "instruction";
    .port_info 13 /OUTPUT 32 "pc";
P_000002816b00a5d0 .param/str "IFILE" 0 5 151, "rom_hex.mem";
P_000002816b00a608 .param/l "W" 0 5 150, +C4<00000000000000000000000000100000>;
L_000002816b0a06a0 .functor AND 1, L_000002816b197340, L_000002816b193270, C4<1>, C4<1>;
L_000002816b07d010 .functor OR 1, L_000002816b195070, L_000002816b1945d0, C4<0>, C4<0>;
L_000002816b197b90 .functor BUFT 32, L_000002816b194710, C4<00000000000000000000000000000000>, C4<00000000000000000000000000000000>, C4<00000000000000000000000000000000>;
v000002816b137ee0_0 .net "WriteData", 31 0, L_000002816b193770;  1 drivers
v000002816b136680_0 .net *"_ivl_0", 0 0, L_000002816b0a06a0;  1 drivers
L_000002816b13b288 .functor BUFT 1, C4<000>, C4<0>, C4<0>, C4<0>;
v000002816b1367c0_0 .net/2u *"_ivl_10", 2 0, L_000002816b13b288;  1 drivers
v000002816b136fe0_0 .net *"_ivl_12", 2 0, L_000002816b13ac80;  1 drivers
v000002816b137da0_0 .net *"_ivl_14", 2 0, L_000002816b139380;  1 drivers
v000002816b137800_0 .net *"_ivl_16", 2 0, L_000002816b1397e0;  1 drivers
L_000002816b13b168 .functor BUFT 1, C4<001>, C4<0>, C4<0>, C4<0>;
v000002816b136f40_0 .net/2u *"_ivl_2", 2 0, L_000002816b13b168;  1 drivers
v000002816b137080_0 .net *"_ivl_33", 0 0, L_000002816b07d010;  1 drivers
L_000002816b13b990 .functor BUFT 1, C4<00000000000000000000000000000100>, C4<0>, C4<0>, C4<0>;
v000002816b1364a0_0 .net/2u *"_ivl_34", 31 0, L_000002816b13b990;  1 drivers
v000002816b137940_0 .net *"_ivl_36", 31 0, L_000002816b193b30;  1 drivers
v000002816b137120_0 .net *"_ivl_38", 31 0, L_000002816b197b90;  1 drivers
L_000002816b13b1b0 .functor BUFT 1, C4<010>, C4<0>, C4<0>, C4<0>;
v000002816b137bc0_0 .net/2u *"_ivl_4", 2 0, L_000002816b13b1b0;  1 drivers
v000002816b137620_0 .net *"_ivl_40", 31 0, L_000002816b193f90;  1 drivers
L_000002816b13b1f8 .functor BUFT 1, C4<011>, C4<0>, C4<0>, C4<0>;
v000002816b136e00_0 .net/2u *"_ivl_6", 2 0, L_000002816b13b1f8;  1 drivers
L_000002816b13b240 .functor BUFT 1, C4<100>, C4<0>, C4<0>, C4<0>;
v000002816b136400_0 .net/2u *"_ivl_8", 2 0, L_000002816b13b240;  1 drivers
v000002816b1373a0_0 .net "alu_out", 31 0, L_000002816b194710;  1 drivers
v000002816b138020_0 .net "alu_src2", 31 0, L_000002816b1394c0;  1 drivers
v000002816b1376c0_0 .net "aluctl", 3 0, L_000002816b19a970;  alias, 1 drivers
v000002816b136ea0_0 .net "alusrc", 0 0, L_000002816b197f10;  alias, 1 drivers
v000002816b136860_0 .net "branch", 0 0, L_000002816b197340;  alias, 1 drivers
v000002816b1374e0_0 .net "clk", 0 0, v000002816b139920_0;  alias, 1 drivers
v000002816b137c60_0 .net "imm", 31 0, v000002816b133880_0;  1 drivers
v000002816b136ae0_0 .net "instruction", 31 0, v000002816b132a20_0;  alias, 1 drivers
v000002816b137d00_0 .net "is_jal", 0 0, L_000002816b195070;  alias, 1 drivers
v000002816b136b80_0 .net "is_jalr", 0 0, L_000002816b1945d0;  alias, 1 drivers
v000002816b136720_0 .net "is_lui", 0 0, L_000002816b194670;  alias, 1 drivers
v000002816b137580_0 .net "mem2reg", 0 0, L_000002816b13bb88;  alias, 1 drivers
v000002816b136180_0 .net "memout", 31 0, v000002816b132d40_0;  1 drivers
v000002816b1378a0_0 .net "memwrite", 0 0, L_000002816b13bbd0;  alias, 1 drivers
v000002816b1379e0_0 .var "pc", 31 0;
v000002816b137a80_0 .net "pcsrc", 2 0, L_000002816b13a640;  1 drivers
v000002816b1362c0_0 .net "rd1", 31 0, L_000002816b13a140;  1 drivers
v000002816b1371c0_0 .net "rd2", 31 0, L_000002816b1392e0;  1 drivers
v000002816b137b20_0 .net "regwrite", 0 0, L_000002816b1973b0;  alias, 1 drivers
v000002816b136360_0 .net "rst", 0 0, v000002816b139ec0_0;  alias, 1 drivers
v000002816b136c20_0 .net "zero", 0 0, L_000002816b193270;  alias, 1 drivers
E_000002816b0bc870 .event posedge, v000002816b136360_0, v000002816b133ce0_0;
L_000002816b13ac80 .functor MUXZ 3, L_000002816b13b288, L_000002816b13b240, L_000002816b194670, C4<>;
L_000002816b139380 .functor MUXZ 3, L_000002816b13ac80, L_000002816b13b1f8, L_000002816b1945d0, C4<>;
L_000002816b1397e0 .functor MUXZ 3, L_000002816b139380, L_000002816b13b1b0, L_000002816b195070, C4<>;
L_000002816b13a640 .functor MUXZ 3, L_000002816b1397e0, L_000002816b13b168, L_000002816b0a06a0, C4<>;
L_000002816b13a960 .part v000002816b132a20_0, 15, 5;
L_000002816b139420 .part v000002816b132a20_0, 20, 5;
L_000002816b139c40 .part v000002816b132a20_0, 7, 5;
L_000002816b1394c0 .functor MUXZ 32, L_000002816b1392e0, v000002816b133880_0, L_000002816b197f10, C4<>;
L_000002816b193b30 .arith/sum 32, v000002816b1379e0_0, L_000002816b13b990;
L_000002816b193f90 .functor MUXZ 32, L_000002816b197b90, L_000002816b193b30, L_000002816b07d010, C4<>;
L_000002816b193770 .functor MUXZ 32, L_000002816b193f90, v000002816b133880_0, L_000002816b194670, C4<>;
S_000002816b05c4f0 .scope module, "dm0" "DataMemory" 5 225, 5 129 0, S_000002816b05c360;
 .timescale -9 -12;
    .port_info 0 /INPUT 32 "addr";
    .port_info 1 /INPUT 32 "data_in";
    .port_info 2 /INPUT 1 "memwrite";
    .port_info 3 /INPUT 1 "memread";
    .port_info 4 /INPUT 1 "clk";
    .port_info 5 /OUTPUT 32 "data_out";
P_000002816b0bc930 .param/l "W" 0 5 130, +C4<00000000000000000000000000100000>;
v000002816b132fc0_0 .net "addr", 31 0, L_000002816b194710;  alias, 1 drivers
v000002816b133ce0_0 .net "clk", 0 0, v000002816b139920_0;  alias, 1 drivers
v000002816b133ec0_0 .net "data_in", 31 0, L_000002816b1392e0;  alias, 1 drivers
v000002816b132d40_0 .var "data_out", 31 0;
v000002816b132660 .array "memory", 0 31, 31 0;
v000002816b1337e0_0 .net "memread", 0 0, L_000002816b13bb88;  alias, 1 drivers
v000002816b1331a0_0 .net "memwrite", 0 0, L_000002816b13bbd0;  alias, 1 drivers
E_000002816b0bd2b0 .event posedge, v000002816b133ce0_0;
S_000002816b073550 .scope module, "ig0" "imm_gen" 5 186, 5 104 0, S_000002816b05c360;
 .timescale -9 -12;
    .port_info 0 /INPUT 32 "instruction";
    .port_info 1 /OUTPUT 32 "imm_out";
v000002816b133880_0 .var "imm_out", 31 0;
v000002816b1328e0_0 .net "instruction", 31 0, v000002816b132a20_0;  alias, 1 drivers
v000002816b1332e0_0 .net "opcode", 6 0, L_000002816b139a60;  1 drivers
E_000002816b0bcf70 .event anyedge, v000002816b1332e0_0, v000002816b1328e0_0;
L_000002816b139a60 .part v000002816b132a20_0, 0, 7;
S_000002816b0736e0 .scope module, "im0" "instruction_memory" 5 178, 5 71 0, S_000002816b05c360;
 .timescale -9 -12;
    .port_info 0 /INPUT 32 "addr";
    .port_info 1 /INPUT 1 "CS";
    .port_info 2 /INPUT 1 "OE";
    .port_info 3 /INPUT 1 "regwrite";
    .port_info 4 /OUTPUT 32 "out";
P_000002816b00aad0 .param/str "IFILE" 0 5 73, "rom_hex.mem";
P_000002816b00ab08 .param/l "W" 0 5 72, +C4<00000000000000000000000000100000>;
L_000002816b13b318 .functor BUFT 1, C4<1>, C4<0>, C4<0>, C4<0>;
v000002816b1339c0_0 .net "CS", 0 0, L_000002816b13b318;  1 drivers
L_000002816b13b360 .functor BUFT 1, C4<1>, C4<0>, C4<0>, C4<0>;
v000002816b133420_0 .net "OE", 0 0, L_000002816b13b360;  1 drivers
v000002816b132de0_0 .net *"_ivl_2", 29 0, L_000002816b13af00;  1 drivers
L_000002816b13b2d0 .functor BUFT 1, C4<00>, C4<0>, C4<0>, C4<0>;
v000002816b1325c0_0 .net *"_ivl_4", 1 0, L_000002816b13b2d0;  1 drivers
v000002816b132980_0 .net "addr", 31 0, v000002816b1379e0_0;  alias, 1 drivers
v000002816b1334c0 .array "data", 0 1023, 7 0;
v000002816b133e20_0 .var/i "i", 31 0;
v000002816b132a20_0 .var "out", 31 0;
v000002816b133f60_0 .net "regwrite", 0 0, L_000002816b1973b0;  alias, 1 drivers
v000002816b132ac0_0 .net "word_addr", 31 0, L_000002816b139880;  1 drivers
E_000002816b0bd5f0 .event anyedge, v000002816b133420_0, v000002816b1339c0_0, v000002816b132980_0;
L_000002816b13af00 .part v000002816b1379e0_0, 2, 30;
L_000002816b139880 .concat [ 30 2 0 0], L_000002816b13af00, L_000002816b13b2d0;
S_000002816b07b200 .scope module, "rf0" "registerfile" 5 191, 5 36 0, S_000002816b05c360;
 .timescale -9 -12;
    .port_info 0 /INPUT 5 "Read1";
    .port_info 1 /INPUT 5 "Read2";
    .port_info 2 /INPUT 5 "WriteReg";
    .port_info 3 /INPUT 32 "WriteData";
    .port_info 4 /INPUT 1 "RegWrite";
    .port_info 5 /INPUT 1 "clk";
    .port_info 6 /OUTPUT 32 "Data1";
    .port_info 7 /OUTPUT 32 "Data2";
P_000002816b0bc630 .param/l "W" 0 5 38, +C4<00000000000000000000000000100000>;
v000002816b132e80_0 .net "Data1", 31 0, L_000002816b13a140;  alias, 1 drivers
v000002816b132200_0 .net "Data2", 31 0, L_000002816b1392e0;  alias, 1 drivers
v000002816b134000_0 .net "Read1", 4 0, L_000002816b13a960;  1 drivers
v000002816b133a60_0 .net "Read2", 4 0, L_000002816b139420;  1 drivers
v000002816b132b60_0 .net "RegWrite", 0 0, L_000002816b1973b0;  alias, 1 drivers
v000002816b133380_0 .net "WriteData", 31 0, L_000002816b193770;  alias, 1 drivers
v000002816b133060_0 .net "WriteReg", 4 0, L_000002816b139c40;  1 drivers
L_000002816b13b3a8 .functor BUFT 1, C4<00000>, C4<0>, C4<0>, C4<0>;
v000002816b132160_0 .net/2u *"_ivl_0", 4 0, L_000002816b13b3a8;  1 drivers
L_000002816b13b438 .functor BUFT 1, C4<00>, C4<0>, C4<0>, C4<0>;
v000002816b132f20_0 .net *"_ivl_11", 1 0, L_000002816b13b438;  1 drivers
L_000002816b13b480 .functor BUFT 1, C4<0000001>, C4<0>, C4<0>, C4<0>;
v000002816b132700_0 .net/2u *"_ivl_12", 6 0, L_000002816b13b480;  1 drivers
v000002816b1322a0_0 .net *"_ivl_14", 6 0, L_000002816b13a500;  1 drivers
L_000002816b13b4c8 .functor BUFT 1, C4<00000>, C4<0>, C4<0>, C4<0>;
v000002816b132c00_0 .net/2u *"_ivl_18", 4 0, L_000002816b13b4c8;  1 drivers
v000002816b133600_0 .net *"_ivl_2", 0 0, L_000002816b139b00;  1 drivers
v000002816b1323e0_0 .net *"_ivl_20", 0 0, L_000002816b13a280;  1 drivers
L_000002816b13b510 .functor BUFT 1, C4<00000000000000000000000000000000>, C4<0>, C4<0>, C4<0>;
v000002816b133100_0 .net/2u *"_ivl_22", 31 0, L_000002816b13b510;  1 drivers
v000002816b132520_0 .net *"_ivl_24", 31 0, L_000002816b13a320;  1 drivers
v000002816b133560_0 .net *"_ivl_26", 6 0, L_000002816b13a8c0;  1 drivers
L_000002816b13b558 .functor BUFT 1, C4<00>, C4<0>, C4<0>, C4<0>;
v000002816b135b10_0 .net *"_ivl_29", 1 0, L_000002816b13b558;  1 drivers
L_000002816b13b5a0 .functor BUFT 1, C4<0000001>, C4<0>, C4<0>, C4<0>;
v000002816b135cf0_0 .net/2u *"_ivl_30", 6 0, L_000002816b13b5a0;  1 drivers
v000002816b134210_0 .net *"_ivl_32", 6 0, L_000002816b139ba0;  1 drivers
L_000002816b13b3f0 .functor BUFT 1, C4<00000000000000000000000000000000>, C4<0>, C4<0>, C4<0>;
v000002816b134670_0 .net/2u *"_ivl_4", 31 0, L_000002816b13b3f0;  1 drivers
v000002816b134710_0 .net *"_ivl_6", 31 0, L_000002816b13b040;  1 drivers
v000002816b135390_0 .net *"_ivl_8", 6 0, L_000002816b13a820;  1 drivers
v000002816b1354d0_0 .net "clk", 0 0, v000002816b139920_0;  alias, 1 drivers
v000002816b135430_0 .var/i "i", 31 0;
v000002816b134b70 .array "registers", 1 31, 31 0;
L_000002816b139b00 .cmp/eq 5, L_000002816b13a960, L_000002816b13b3a8;
L_000002816b13b040 .array/port v000002816b134b70, L_000002816b13a500;
L_000002816b13a820 .concat [ 5 2 0 0], L_000002816b13a960, L_000002816b13b438;
L_000002816b13a500 .arith/sub 7, L_000002816b13a820, L_000002816b13b480;
L_000002816b13a140 .functor MUXZ 32, L_000002816b13b040, L_000002816b13b3f0, L_000002816b139b00, C4<>;
L_000002816b13a280 .cmp/eq 5, L_000002816b139420, L_000002816b13b4c8;
L_000002816b13a320 .array/port v000002816b134b70, L_000002816b139ba0;
L_000002816b13a8c0 .concat [ 5 2 0 0], L_000002816b139420, L_000002816b13b558;
L_000002816b139ba0 .arith/sub 7, L_000002816b13a8c0, L_000002816b13b5a0;
L_000002816b1392e0 .functor MUXZ 32, L_000002816b13a320, L_000002816b13b510, L_000002816b13a280, C4<>;
S_000002816b07b390 .scope module, "ula0" "alu" 5 217, 5 4 0, S_000002816b05c360;
 .timescale -9 -12;
    .port_info 0 /INPUT 4 "ALUctl";
    .port_info 1 /INPUT 32 "A";
    .port_info 2 /INPUT 32 "B";
    .port_info 3 /INPUT 1 "rst";
    .port_info 4 /OUTPUT 32 "ALUout";
    .port_info 5 /OUTPUT 1 "zero";
P_000002816b0bd3f0 .param/l "W" 0 5 6, +C4<00000000000000000000000000100000>;
L_000002816b0a0780 .functor AND 32, L_000002816b13a140, L_000002816b1394c0, C4<11111111111111111111111111111111>, C4<11111111111111111111111111111111>;
L_000002816b0a0d30 .functor OR 32, L_000002816b13a140, L_000002816b1394c0, C4<00000000000000000000000000000000>, C4<00000000000000000000000000000000>;
L_000002816b0a0e10 .functor XOR 32, L_000002816b13a140, L_000002816b1394c0, C4<00000000000000000000000000000000>, C4<00000000000000000000000000000000>;
v000002816b134e90_0 .net "A", 31 0, L_000002816b13a140;  alias, 1 drivers
v000002816b134a30_0 .net "ALUctl", 3 0, L_000002816b19a970;  alias, 1 drivers
v000002816b135570_0 .net "ALUout", 31 0, L_000002816b194710;  alias, 1 drivers
v000002816b1347b0_0 .net "B", 31 0, L_000002816b1394c0;  alias, 1 drivers
L_000002816b13b5e8 .functor BUFT 1, C4<0000>, C4<0>, C4<0>, C4<0>;
v000002816b134c10_0 .net/2u *"_ivl_0", 3 0, L_000002816b13b5e8;  1 drivers
v000002816b1342b0_0 .net *"_ivl_10", 31 0, L_000002816b0a0d30;  1 drivers
L_000002816b13b678 .functor BUFT 1, C4<0010>, C4<0>, C4<0>, C4<0>;
v000002816b1345d0_0 .net/2u *"_ivl_12", 3 0, L_000002816b13b678;  1 drivers
v000002816b135c50_0 .net *"_ivl_14", 0 0, L_000002816b13aa00;  1 drivers
v000002816b134350_0 .net *"_ivl_16", 31 0, L_000002816b13aaa0;  1 drivers
L_000002816b13b6c0 .functor BUFT 1, C4<0011>, C4<0>, C4<0>, C4<0>;
v000002816b135930_0 .net/2u *"_ivl_18", 3 0, L_000002816b13b6c0;  1 drivers
v000002816b1357f0_0 .net *"_ivl_2", 0 0, L_000002816b13a3c0;  1 drivers
v000002816b134170_0 .net *"_ivl_20", 0 0, L_000002816b13ab40;  1 drivers
v000002816b134850_0 .net *"_ivl_22", 31 0, L_000002816b13abe0;  1 drivers
L_000002816b13b708 .functor BUFT 1, C4<0100>, C4<0>, C4<0>, C4<0>;
v000002816b1348f0_0 .net/2u *"_ivl_24", 3 0, L_000002816b13b708;  1 drivers
v000002816b135d90_0 .net *"_ivl_26", 0 0, L_000002816b194fd0;  1 drivers
v000002816b135610_0 .net *"_ivl_28", 0 0, L_000002816b194df0;  1 drivers
v000002816b135890_0 .net *"_ivl_30", 31 0, L_000002816b194350;  1 drivers
L_000002816b13b750 .functor BUFT 1, C4<0101>, C4<0>, C4<0>, C4<0>;
v000002816b1351b0_0 .net/2u *"_ivl_32", 3 0, L_000002816b13b750;  1 drivers
v000002816b135e30_0 .net *"_ivl_34", 0 0, L_000002816b1938b0;  1 drivers
v000002816b1359d0_0 .net *"_ivl_36", 0 0, L_000002816b194f30;  1 drivers
v000002816b1343f0_0 .net *"_ivl_38", 31 0, L_000002816b193db0;  1 drivers
v000002816b135a70_0 .net *"_ivl_4", 31 0, L_000002816b0a0780;  1 drivers
L_000002816b13b798 .functor BUFT 1, C4<0110>, C4<0>, C4<0>, C4<0>;
v000002816b135f70_0 .net/2u *"_ivl_40", 3 0, L_000002816b13b798;  1 drivers
v000002816b135110_0 .net *"_ivl_42", 0 0, L_000002816b194210;  1 drivers
v000002816b134490_0 .net *"_ivl_44", 31 0, L_000002816b0a0e10;  1 drivers
L_000002816b13b7e0 .functor BUFT 1, C4<0111>, C4<0>, C4<0>, C4<0>;
v000002816b134990_0 .net/2u *"_ivl_46", 3 0, L_000002816b13b7e0;  1 drivers
v000002816b134ad0_0 .net *"_ivl_48", 0 0, L_000002816b193630;  1 drivers
v000002816b134cb0_0 .net *"_ivl_51", 4 0, L_000002816b194030;  1 drivers
v000002816b1356b0_0 .net *"_ivl_52", 31 0, L_000002816b1942b0;  1 drivers
L_000002816b13b828 .functor BUFT 1, C4<1000>, C4<0>, C4<0>, C4<0>;
v000002816b135bb0_0 .net/2u *"_ivl_54", 3 0, L_000002816b13b828;  1 drivers
v000002816b136010_0 .net *"_ivl_56", 0 0, L_000002816b194e90;  1 drivers
v000002816b134530_0 .net *"_ivl_59", 4 0, L_000002816b1933b0;  1 drivers
L_000002816b13b630 .functor BUFT 1, C4<0001>, C4<0>, C4<0>, C4<0>;
v000002816b134d50_0 .net/2u *"_ivl_6", 3 0, L_000002816b13b630;  1 drivers
v000002816b134df0_0 .net *"_ivl_60", 31 0, L_000002816b193c70;  1 drivers
L_000002816b13b870 .functor BUFT 1, C4<1001>, C4<0>, C4<0>, C4<0>;
v000002816b134f30_0 .net/2u *"_ivl_62", 3 0, L_000002816b13b870;  1 drivers
v000002816b135750_0 .net *"_ivl_64", 0 0, L_000002816b1943f0;  1 drivers
v000002816b135ed0_0 .net *"_ivl_67", 4 0, L_000002816b194d50;  1 drivers
v000002816b134fd0_0 .net *"_ivl_68", 31 0, L_000002816b1940d0;  1 drivers
v000002816b135070_0 .net *"_ivl_70", 31 0, L_000002816b193310;  1 drivers
v000002816b135250_0 .net *"_ivl_72", 31 0, L_000002816b194170;  1 drivers
v000002816b1352f0_0 .net *"_ivl_74", 31 0, L_000002816b1936d0;  1 drivers
v000002816b137440_0 .net *"_ivl_76", 31 0, L_000002816b1931d0;  1 drivers
v000002816b136540_0 .net *"_ivl_78", 31 0, L_000002816b193a90;  1 drivers
v000002816b1365e0_0 .net *"_ivl_8", 0 0, L_000002816b13a5a0;  1 drivers
v000002816b137300_0 .net *"_ivl_80", 31 0, L_000002816b193950;  1 drivers
v000002816b1369a0_0 .net *"_ivl_82", 31 0, L_000002816b193d10;  1 drivers
v000002816b137f80_0 .net *"_ivl_84", 31 0, L_000002816b194490;  1 drivers
v000002816b136cc0_0 .net *"_ivl_86", 31 0, L_000002816b193e50;  1 drivers
L_000002816b13b8b8 .functor BUFT 1, C4<00000000000000000000000000000000>, C4<0>, C4<0>, C4<0>;
v000002816b137760_0 .net/2u *"_ivl_90", 31 0, L_000002816b13b8b8;  1 drivers
v000002816b136900_0 .net *"_ivl_92", 0 0, L_000002816b1939f0;  1 drivers
L_000002816b13b900 .functor BUFT 1, C4<1>, C4<0>, C4<0>, C4<0>;
v000002816b137e40_0 .net/2u *"_ivl_94", 0 0, L_000002816b13b900;  1 drivers
L_000002816b13b948 .functor BUFT 1, C4<0>, C4<0>, C4<0>, C4<0>;
v000002816b136a40_0 .net/2u *"_ivl_96", 0 0, L_000002816b13b948;  1 drivers
o000002816b0db4d8 .functor BUFZ 1, C4<z>; HiZ drive
v000002816b136d60_0 .net "rst", 0 0, o000002816b0db4d8;  0 drivers
v000002816b136220_0 .net "zero", 0 0, L_000002816b193270;  alias, 1 drivers
L_000002816b13a3c0 .cmp/eq 4, L_000002816b19a970, L_000002816b13b5e8;
L_000002816b13a5a0 .cmp/eq 4, L_000002816b19a970, L_000002816b13b630;
L_000002816b13aa00 .cmp/eq 4, L_000002816b19a970, L_000002816b13b678;
L_000002816b13aaa0 .arith/sum 32, L_000002816b13a140, L_000002816b1394c0;
L_000002816b13ab40 .cmp/eq 4, L_000002816b19a970, L_000002816b13b6c0;
L_000002816b13abe0 .arith/sub 32, L_000002816b13a140, L_000002816b1394c0;
L_000002816b194fd0 .cmp/eq 4, L_000002816b19a970, L_000002816b13b708;
L_000002816b194df0 .cmp/gt 32, L_000002816b1394c0, L_000002816b13a140;
LS_000002816b194350_0_0 .concat [ 1 1 1 1], L_000002816b194df0, L_000002816b194df0, L_000002816b194df0, L_000002816b194df0;
LS_000002816b194350_0_4 .concat [ 1 1 1 1], L_000002816b194df0, L_000002816b194df0, L_000002816b194df0, L_000002816b194df0;
LS_000002816b194350_0_8 .concat [ 1 1 1 1], L_000002816b194df0, L_000002816b194df0, L_000002816b194df0, L_000002816b194df0;
LS_000002816b194350_0_12 .concat [ 1 1 1 1], L_000002816b194df0, L_000002816b194df0, L_000002816b194df0, L_000002816b194df0;
LS_000002816b194350_0_16 .concat [ 1 1 1 1], L_000002816b194df0, L_000002816b194df0, L_000002816b194df0, L_000002816b194df0;
LS_000002816b194350_0_20 .concat [ 1 1 1 1], L_000002816b194df0, L_000002816b194df0, L_000002816b194df0, L_000002816b194df0;
LS_000002816b194350_0_24 .concat [ 1 1 1 1], L_000002816b194df0, L_000002816b194df0, L_000002816b194df0, L_000002816b194df0;
LS_000002816b194350_0_28 .concat [ 1 1 1 1], L_000002816b194df0, L_000002816b194df0, L_000002816b194df0, L_000002816b194df0;
LS_000002816b194350_1_0 .concat [ 4 4 4 4], LS_000002816b194350_0_0, LS_000002816b194350_0_4, LS_000002816b194350_0_8, LS_000002816b194350_0_12;
LS_000002816b194350_1_4 .concat [ 4 4 4 4], LS_000002816b194350_0_16, LS_000002816b194350_0_20, LS_000002816b194350_0_24, LS_000002816b194350_0_28;
L_000002816b194350 .concat [ 16 16 0 0], LS_000002816b194350_1_0, LS_000002816b194350_1_4;
L_000002816b1938b0 .cmp/eq 4, L_000002816b19a970, L_000002816b13b750;
L_000002816b194f30 .cmp/gt.s 32, L_000002816b1394c0, L_000002816b13a140;
LS_000002816b193db0_0_0 .concat [ 1 1 1 1], L_000002816b194f30, L_000002816b194f30, L_000002816b194f30, L_000002816b194f30;
LS_000002816b193db0_0_4 .concat [ 1 1 1 1], L_000002816b194f30, L_000002816b194f30, L_000002816b194f30, L_000002816b194f30;
LS_000002816b193db0_0_8 .concat [ 1 1 1 1], L_000002816b194f30, L_000002816b194f30, L_000002816b194f30, L_000002816b194f30;
LS_000002816b193db0_0_12 .concat [ 1 1 1 1], L_000002816b194f30, L_000002816b194f30, L_000002816b194f30, L_000002816b194f30;
LS_000002816b193db0_0_16 .concat [ 1 1 1 1], L_000002816b194f30, L_000002816b194f30, L_000002816b194f30, L_000002816b194f30;
LS_000002816b193db0_0_20 .concat [ 1 1 1 1], L_000002816b194f30, L_000002816b194f30, L_000002816b194f30, L_000002816b194f30;
LS_000002816b193db0_0_24 .concat [ 1 1 1 1], L_000002816b194f30, L_000002816b194f30, L_000002816b194f30, L_000002816b194f30;
LS_000002816b193db0_0_28 .concat [ 1 1 1 1], L_000002816b194f30, L_000002816b194f30, L_000002816b194f30, L_000002816b194f30;
LS_000002816b193db0_1_0 .concat [ 4 4 4 4], LS_000002816b193db0_0_0, LS_000002816b193db0_0_4, LS_000002816b193db0_0_8, LS_000002816b193db0_0_12;
LS_000002816b193db0_1_4 .concat [ 4 4 4 4], LS_000002816b193db0_0_16, LS_000002816b193db0_0_20, LS_000002816b193db0_0_24, LS_000002816b193db0_0_28;
L_000002816b193db0 .concat [ 16 16 0 0], LS_000002816b193db0_1_0, LS_000002816b193db0_1_4;
L_000002816b194210 .cmp/eq 4, L_000002816b19a970, L_000002816b13b798;
L_000002816b193630 .cmp/eq 4, L_000002816b19a970, L_000002816b13b7e0;
L_000002816b194030 .part L_000002816b1394c0, 0, 5;
L_000002816b1942b0 .shift/l 32, L_000002816b13a140, L_000002816b194030;
L_000002816b194e90 .cmp/eq 4, L_000002816b19a970, L_000002816b13b828;
L_000002816b1933b0 .part L_000002816b1394c0, 0, 5;
L_000002816b193c70 .shift/r 32, L_000002816b13a140, L_000002816b1933b0;
L_000002816b1943f0 .cmp/eq 4, L_000002816b19a970, L_000002816b13b870;
L_000002816b194d50 .part L_000002816b1394c0, 0, 5;
L_000002816b1940d0 .shift/rs 32, L_000002816b13a140, L_000002816b194d50;
L_000002816b193310 .functor MUXZ 32, L_000002816b13a140, L_000002816b1940d0, L_000002816b1943f0, C4<>;
L_000002816b194170 .functor MUXZ 32, L_000002816b193310, L_000002816b193c70, L_000002816b194e90, C4<>;
L_000002816b1936d0 .functor MUXZ 32, L_000002816b194170, L_000002816b1942b0, L_000002816b193630, C4<>;
L_000002816b1931d0 .functor MUXZ 32, L_000002816b1936d0, L_000002816b0a0e10, L_000002816b194210, C4<>;
L_000002816b193a90 .functor MUXZ 32, L_000002816b1931d0, L_000002816b193db0, L_000002816b1938b0, C4<>;
L_000002816b193950 .functor MUXZ 32, L_000002816b193a90, L_000002816b194350, L_000002816b194fd0, C4<>;
L_000002816b193d10 .functor MUXZ 32, L_000002816b193950, L_000002816b13abe0, L_000002816b13ab40, C4<>;
L_000002816b194490 .functor MUXZ 32, L_000002816b193d10, L_000002816b13aaa0, L_000002816b13aa00, C4<>;
L_000002816b193e50 .functor MUXZ 32, L_000002816b194490, L_000002816b0a0d30, L_000002816b13a5a0, C4<>;
L_000002816b194710 .functor MUXZ 32, L_000002816b193e50, L_000002816b0a0780, L_000002816b13a3c0, C4<>;
L_000002816b1939f0 .cmp/eq 32, L_000002816b194710, L_000002816b13b8b8;
L_000002816b193270 .functor MUXZ 1, L_000002816b13b948, L_000002816b13b900, L_000002816b1939f0, C4<>;
    .scope S_000002816b0736e0;
T_0 ;
    %pushi/vec4 0, 0, 32;
    %store/vec4 v000002816b133e20_0, 0, 32;
T_0.0 ;
    %load/vec4 v000002816b133e20_0;
    %cmpi/s 1024, 0, 32;
    %jmp/0xz T_0.1, 5;
    %pushi/vec4 0, 0, 8;
    %ix/getv/s 4, v000002816b133e20_0;
    %store/vec4a v000002816b1334c0, 4, 0;
    %load/vec4 v000002816b133e20_0;
    %addi 1, 0, 32;
    %store/vec4 v000002816b133e20_0, 0, 32;
    %jmp T_0.0;
T_0.1 ;
    %vpi_call 5 90 "$readmemh", P_000002816b00aad0, v000002816b1334c0 {0 0 0};
    %end;
    .thread T_0;
    .scope S_000002816b0736e0;
T_1 ;
    %wait E_000002816b0bd5f0;
    %load/vec4 v000002816b133420_0;
    %cmpi/e 1, 0, 1;
    %jmp/0xz  T_1.0, 4;
    %load/vec4 v000002816b132ac0_0;
    %muli 4, 0, 32;
    %ix/vec4 4;
    %load/vec4a v000002816b1334c0, 4;
    %load/vec4 v000002816b132ac0_0;
    %muli 4, 0, 32;
    %addi 1, 0, 32;
    %ix/vec4 4;
    %load/vec4a v000002816b1334c0, 4;
    %concat/vec4; draw_concat_vec4
    %load/vec4 v000002816b132ac0_0;
    %muli 4, 0, 32;
    %addi 2, 0, 32;
    %ix/vec4 4;
    %load/vec4a v000002816b1334c0, 4;
    %concat/vec4; draw_concat_vec4
    %load/vec4 v000002816b132ac0_0;
    %muli 4, 0, 32;
    %addi 3, 0, 32;
    %ix/vec4 4;
    %load/vec4a v000002816b1334c0, 4;
    %concat/vec4; draw_concat_vec4
    %store/vec4 v000002816b132a20_0, 0, 32;
    %jmp T_1.1;
T_1.0 ;
    %pushi/vec4 0, 4294967295, 32;
    %store/vec4 v000002816b132a20_0, 0, 32;
T_1.1 ;
    %jmp T_1;
    .thread T_1, $push;
    .scope S_000002816b073550;
T_2 ;
    %wait E_000002816b0bcf70;
    %load/vec4 v000002816b1332e0_0;
    %dup/vec4;
    %pushi/vec4 103, 0, 7;
    %cmp/u;
    %jmp/1 T_2.0, 6;
    %dup/vec4;
    %pushi/vec4 19, 0, 7;
    %cmp/u;
    %jmp/1 T_2.1, 6;
    %dup/vec4;
    %pushi/vec4 99, 0, 7;
    %cmp/u;
    %jmp/1 T_2.2, 6;
    %dup/vec4;
    %pushi/vec4 111, 0, 7;
    %cmp/u;
    %jmp/1 T_2.3, 6;
    %dup/vec4;
    %pushi/vec4 55, 0, 7;
    %cmp/u;
    %jmp/1 T_2.4, 6;
    %pushi/vec4 0, 0, 32;
    %store/vec4 v000002816b133880_0, 0, 32;
    %jmp T_2.6;
T_2.0 ;
    %load/vec4 v000002816b1328e0_0;
    %parti/s 1, 31, 6;
    %replicate 20;
    %load/vec4 v000002816b1328e0_0;
    %parti/s 12, 20, 6;
    %concat/vec4; draw_concat_vec4
    %store/vec4 v000002816b133880_0, 0, 32;
    %jmp T_2.6;
T_2.1 ;
    %load/vec4 v000002816b1328e0_0;
    %parti/s 1, 31, 6;
    %replicate 20;
    %load/vec4 v000002816b1328e0_0;
    %parti/s 12, 20, 6;
    %concat/vec4; draw_concat_vec4
    %store/vec4 v000002816b133880_0, 0, 32;
    %jmp T_2.6;
T_2.2 ;
    %load/vec4 v000002816b1328e0_0;
    %parti/s 1, 31, 6;
    %replicate 19;
    %load/vec4 v000002816b1328e0_0;
    %parti/s 1, 31, 6;
    %concat/vec4; draw_concat_vec4
    %load/vec4 v000002816b1328e0_0;
    %parti/s 1, 7, 4;
    %concat/vec4; draw_concat_vec4
    %load/vec4 v000002816b1328e0_0;
    %parti/s 6, 25, 6;
    %concat/vec4; draw_concat_vec4
    %load/vec4 v000002816b1328e0_0;
    %parti/s 4, 8, 5;
    %concat/vec4; draw_concat_vec4
    %concati/vec4 0, 0, 1;
    %store/vec4 v000002816b133880_0, 0, 32;
    %jmp T_2.6;
T_2.3 ;
    %load/vec4 v000002816b1328e0_0;
    %parti/s 1, 31, 6;
    %replicate 11;
    %load/vec4 v000002816b1328e0_0;
    %parti/s 1, 31, 6;
    %concat/vec4; draw_concat_vec4
    %load/vec4 v000002816b1328e0_0;
    %parti/s 8, 12, 5;
    %concat/vec4; draw_concat_vec4
    %load/vec4 v000002816b1328e0_0;
    %parti/s 1, 20, 6;
    %concat/vec4; draw_concat_vec4
    %load/vec4 v000002816b1328e0_0;
    %parti/s 10, 21, 6;
    %concat/vec4; draw_concat_vec4
    %concati/vec4 0, 0, 1;
    %store/vec4 v000002816b133880_0, 0, 32;
    %jmp T_2.6;
T_2.4 ;
    %load/vec4 v000002816b1328e0_0;
    %parti/s 20, 12, 5;
    %concati/vec4 0, 0, 12;
    %store/vec4 v000002816b133880_0, 0, 32;
    %jmp T_2.6;
T_2.6 ;
    %pop/vec4 1;
    %jmp T_2;
    .thread T_2, $push;
    .scope S_000002816b07b200;
T_3 ;
    %pushi/vec4 1, 0, 32;
    %store/vec4 v000002816b135430_0, 0, 32;
T_3.0 ;
    %load/vec4 v000002816b135430_0;
    %cmpi/s 32, 0, 32;
    %jmp/0xz T_3.1, 5;
    %pushi/vec4 0, 0, 32;
    %load/vec4 v000002816b135430_0;
    %subi 1, 0, 32;
    %ix/vec4/s 4;
    %store/vec4a v000002816b134b70, 4, 0;
    %load/vec4 v000002816b135430_0;
    %addi 1, 0, 32;
    %store/vec4 v000002816b135430_0, 0, 32;
    %jmp T_3.0;
T_3.1 ;
    %end;
    .thread T_3;
    .scope S_000002816b07b200;
T_4 ;
    %wait E_000002816b0bd2b0;
    %load/vec4 v000002816b132b60_0;
    %load/vec4 v000002816b133060_0;
    %pad/u 32;
    %pushi/vec4 0, 0, 32;
    %cmp/ne;
    %flag_get/vec4 4;
    %and;
    %flag_set/vec4 8;
    %jmp/0xz  T_4.0, 8;
    %load/vec4 v000002816b133380_0;
    %load/vec4 v000002816b133060_0;
    %pad/u 7;
    %subi 1, 0, 7;
    %ix/vec4 3;
    %ix/load 4, 0, 0; Constant delay
    %assign/vec4/a/d v000002816b134b70, 0, 4;
T_4.0 ;
    %jmp T_4;
    .thread T_4;
    .scope S_000002816b05c4f0;
T_5 ;
    %wait E_000002816b0bd2b0;
    %load/vec4 v000002816b1331a0_0;
    %flag_set/vec4 8;
    %jmp/0xz  T_5.0, 8;
    %load/vec4 v000002816b133ec0_0;
    %ix/getv 3, v000002816b132fc0_0;
    %ix/load 4, 0, 0; Constant delay
    %assign/vec4/a/d v000002816b132660, 0, 4;
T_5.0 ;
    %load/vec4 v000002816b1337e0_0;
    %flag_set/vec4 8;
    %jmp/0xz  T_5.2, 8;
    %ix/getv 4, v000002816b132fc0_0;
    %load/vec4a v000002816b132660, 4;
    %assign/vec4 v000002816b132d40_0, 0;
T_5.2 ;
    %jmp T_5;
    .thread T_5;
    .scope S_000002816b05c360;
T_6 ;
    %wait E_000002816b0bc870;
    %load/vec4 v000002816b136360_0;
    %flag_set/vec4 8;
    %jmp/0xz  T_6.0, 8;
    %pushi/vec4 0, 0, 32;
    %assign/vec4 v000002816b1379e0_0, 0;
    %jmp T_6.1;
T_6.0 ;
    %load/vec4 v000002816b137a80_0;
    %pad/u 32;
    %cmpi/e 1, 0, 32;
    %jmp/1 T_6.4, 4;
    %flag_mov 8, 4;
    %load/vec4 v000002816b137a80_0;
    %pad/u 32;
    %cmpi/e 2, 0, 32;
    %flag_or 4, 8;
T_6.4;
    %jmp/0xz  T_6.2, 4;
    %load/vec4 v000002816b1379e0_0;
    %load/vec4 v000002816b137c60_0;
    %add;
    %assign/vec4 v000002816b1379e0_0, 0;
    %jmp T_6.3;
T_6.2 ;
    %load/vec4 v000002816b137a80_0;
    %pad/u 32;
    %cmpi/e 3, 0, 32;
    %jmp/0xz  T_6.5, 4;
    %load/vec4 v000002816b1362c0_0;
    %load/vec4 v000002816b137c60_0;
    %add;
    %pushi/vec4 4294967294, 0, 32;
    %and;
    %assign/vec4 v000002816b1379e0_0, 0;
    %jmp T_6.6;
T_6.5 ;
    %load/vec4 v000002816b1379e0_0;
    %addi 4, 0, 32;
    %assign/vec4 v000002816b1379e0_0, 0;
T_6.6 ;
T_6.3 ;
T_6.1 ;
    %jmp T_6;
    .thread T_6;
    .scope S_000002816b0ce680;
T_7 ;
    %pushi/vec4 0, 0, 1;
    %store/vec4 v000002816b139920_0, 0, 1;
T_7.0 ;
    %delay 5000, 0;
    %load/vec4 v000002816b139920_0;
    %inv;
    %store/vec4 v000002816b139920_0, 0, 1;
    %jmp T_7.0;
    %end;
    .thread T_7;
    .scope S_000002816b0ce680;
T_8 ;
    %vpi_call 2 35 "$display", "Starting RISC-V Processor Test" {0 0 0};
    %vpi_call 2 36 "$display", "================================" {0 0 0};
    %pushi/vec4 1, 0, 1;
    %store/vec4 v000002816b139ec0_0, 0, 1;
    %delay 10000, 0;
    %pushi/vec4 0, 0, 1;
    %store/vec4 v000002816b139ec0_0, 0, 1;
    %delay 500000, 0;
    %vpi_call 2 47 "$display", "Test Complete - Check register values in waveform viewer" {0 0 0};
    %vpi_call 2 50 "$display", "Test Complete - Verificando os resultados esperados:" {0 0 0};
    %vpi_call 2 51 "$display", "x1 (Valor esperado 10): %h", &A<v000002816b134b70, 0> {0 0 0};
    %vpi_call 2 52 "$display", "x2 (Valor esperado 5): %h", &A<v000002816b134b70, 1> {0 0 0};
    %vpi_call 2 53 "$display", "x3 (Valor esperado -5 / 0xFFFFFFFB): %h", &A<v000002816b134b70, 2> {0 0 0};
    %vpi_call 2 54 "$display", "x5 (ADD: Valor esperado 15): %h", &A<v000002816b134b70, 4> {0 0 0};
    %vpi_call 2 55 "$display", "x6 (SUB: Valor esperado 5): %h", &A<v000002816b134b70, 5> {0 0 0};
    %vpi_call 2 56 "$display", "x7 (AND: Valor esperado 0): %h", &A<v000002816b134b70, 6> {0 0 0};
    %vpi_call 2 57 "$display", "x9 (XOR: Valor esperado 0xFA): %h", &A<v000002816b134b70, 8> {0 0 0};
    %vpi_call 2 58 "$display", "x10 (SLL: Valor esperado 40): %d", &A<v000002816b134b70, 9> {0 0 0};
    %vpi_call 2 59 "$display", "x11 (SRL: Valor esperado 0xF): %h", &A<v000002816b134b70, 10> {0 0 0};
    %vpi_call 2 60 "$display", "x12 (SRA: Valor esperado -3): %d", &A<v000002816b134b70, 11> {0 0 0};
    %vpi_call 2 61 "$display", "x13 (SLT: Valor esperado 1): %d", &A<v000002816b134b70, 12> {0 0 0};
    %vpi_call 2 62 "$display", "x14 (SLTU: Valor esperado 0): %d", &A<v000002816b134b70, 13> {0 0 0};
    %vpi_call 2 65 "$finish" {0 0 0};
    %end;
    .thread T_8;
    .scope S_000002816b0ce680;
T_9 ;
    %wait E_000002816b0bd2b0;
    %load/vec4 v000002816b139ec0_0;
    %nor/r;
    %flag_set/vec4 8;
    %jmp/0xz  T_9.0, 8;
    %vpi_call 2 71 "$display", "Time: %0t, PC: %h, Instruction: %h", $time, v000002816b139e20_0, v000002816b139ce0_0 {0 0 0};
    %vpi_call 2 72 "$display", "ALU Control: %b, ALU Out: %h, Zero: %b", v000002816b139f60_0, v000002816b139600_0, v000002816b139740_0 {0 0 0};
    %vpi_call 2 73 "$display", "Register values - RD1: %h, RD2: %h", &A<v000002816b134b70, 0>, &A<v000002816b134b70, 1> {0 0 0};
    %vpi_call 2 74 "$display", "--------------------------------------------------" {0 0 0};
T_9.0 ;
    %jmp T_9;
    .thread T_9;
    .scope S_000002816b0ce680;
T_10 ;
    %vpi_call 2 80 "$dumpfile", "poliriscv_tb.vcd" {0 0 0};
    %vpi_call 2 81 "$dumpvars", 32'sb00000000000000000000000000000000, S_000002816b0ce680 {0 0 0};
    %end;
    .thread T_10;
# The file index is used to find the file name in the following table.
:file_names 6;
    "N/A";
    "<interactive>";
    "poliriscv_sc_tb.v";
    "poliriscv_sc.v";
    "control_unint.v";
    "fluxo_dados.v";
